<?xml version="1.0" encoding="UTF-8"?>
<coverage generated="1537184289853" clover="3.2.0">
  <project timestamp="1537184289854" name="All files">
    <metrics statements="286" coveredstatements="178" conditionals="192" coveredconditionals="65" methods="86" coveredmethods="39" elements="564" coveredelements="282" complexity="0" loc="286" ncloc="286" packages="23" files="39" classes="39">
      <package name="src.shared">
        <metrics statements="1" coveredstatements="1" conditionals="10" coveredconditionals="5" methods="0" coveredmethods="0"/>
        <file name="config.ts" path="C:\Users\kovalchuk\projects\react-app\src\shared\config.ts">
          <metrics statements="1" coveredstatements="1" conditionals="10" coveredconditionals="5" methods="0" coveredmethods="0"/>
          <line num="1" count="7" type="stmt"/>
        </file>
      </package>
      <package name="src.shared.actions.Pages">
        <metrics statements="24" coveredstatements="12" conditionals="0" coveredconditionals="0" methods="10" coveredmethods="2"/>
        <file name="Home.ts" path="C:\Users\kovalchuk\projects\react-app\src\shared\actions\Pages\Home.ts">
          <metrics statements="5" coveredstatements="3" conditionals="0" coveredconditionals="0" methods="2" coveredmethods="1"/>
          <line num="7" count="2" type="stmt"/>
          <line num="12" count="2" type="stmt"/>
          <line num="13" count="1" type="stmt"/>
          <line num="14" count="0" type="stmt"/>
          <line num="15" count="0" type="stmt"/>
        </file>
        <file name="Login.ts" path="C:\Users\kovalchuk\projects\react-app\src\shared\actions\Pages\Login.ts">
          <metrics statements="10" coveredstatements="4" conditionals="0" coveredconditionals="0" methods="4" coveredmethods="0"/>
          <line num="8" count="2" type="stmt"/>
          <line num="12" count="2" type="stmt"/>
          <line num="16" count="2" type="stmt"/>
          <line num="17" count="0" type="stmt"/>
          <line num="18" count="0" type="stmt"/>
          <line num="19" count="0" type="stmt"/>
          <line num="23" count="2" type="stmt"/>
          <line num="24" count="0" type="stmt"/>
          <line num="25" count="0" type="stmt"/>
          <line num="26" count="0" type="stmt"/>
        </file>
        <file name="Search.ts" path="C:\Users\kovalchuk\projects\react-app\src\shared\actions\Pages\Search.ts">
          <metrics statements="9" coveredstatements="5" conditionals="0" coveredconditionals="0" methods="4" coveredmethods="1"/>
          <line num="9" count="2" type="stmt"/>
          <line num="13" count="2" type="stmt"/>
          <line num="14" count="0" type="stmt"/>
          <line num="15" count="0" type="stmt"/>
          <line num="16" count="0" type="stmt"/>
          <line num="20" count="2" type="stmt"/>
          <line num="21" count="0" type="stmt"/>
          <line num="27" count="2" type="stmt"/>
          <line num="28" count="1" type="stmt"/>
        </file>
      </package>
      <package name="src.shared.assets.icons">
        <metrics statements="1" coveredstatements="1" conditionals="0" coveredconditionals="0" methods="1" coveredmethods="1"/>
        <file name="IconLogo.tsx" path="C:\Users\kovalchuk\projects\react-app\src\shared\assets\icons\IconLogo.tsx">
          <metrics statements="1" coveredstatements="1" conditionals="0" coveredconditionals="0" methods="1" coveredmethods="1"/>
          <line num="3" count="2" type="stmt"/>
        </file>
      </package>
      <package name="src.shared.components.Common.AppHeader">
        <metrics statements="10" coveredstatements="6" conditionals="28" coveredconditionals="0" methods="3" coveredmethods="1"/>
        <file name="index.tsx" path="C:\Users\kovalchuk\projects\react-app\src\shared\components\Common\AppHeader\index.tsx">
          <metrics statements="9" coveredstatements="5" conditionals="28" coveredconditionals="0" methods="2" coveredmethods="1"/>
          <line num="27" count="1" type="stmt"/>
          <line num="28" count="3" type="stmt"/>
          <line num="30" count="3" type="stmt"/>
          <line num="76" count="1" type="stmt"/>
          <line num="78" count="1" type="stmt"/>
          <line num="80" count="0" type="cond" truecount="0" falsecount="2"/>
          <line num="81" count="0" type="cond" truecount="0" falsecount="2"/>
          <line num="82" count="0" type="cond" truecount="0" falsecount="2"/>
          <line num="83" count="0" type="stmt"/>
        </file>
        <file name="styles.tsx" path="C:\Users\kovalchuk\projects\react-app\src\shared\components\Common\AppHeader\styles.tsx">
          <metrics statements="1" coveredstatements="1" conditionals="0" coveredconditionals="0" methods="1" coveredmethods="0"/>
          <line num="4" count="1" type="stmt"/>
        </file>
      </package>
      <package name="src.shared.components.Common.AppLogo">
        <metrics statements="5" coveredstatements="5" conditionals="0" coveredconditionals="0" methods="2" coveredmethods="1"/>
        <file name="index.tsx" path="C:\Users\kovalchuk\projects\react-app\src\shared\components\Common\AppLogo\index.tsx">
          <metrics statements="4" coveredstatements="4" conditionals="0" coveredconditionals="0" methods="1" coveredmethods="1"/>
          <line num="13" count="2" type="stmt"/>
          <line num="14" count="2" type="stmt"/>
          <line num="15" count="2" type="stmt"/>
          <line num="20" count="2" type="stmt"/>
        </file>
        <file name="styles.tsx" path="C:\Users\kovalchuk\projects\react-app\src\shared\components\Common\AppLogo\styles.tsx">
          <metrics statements="1" coveredstatements="1" conditionals="0" coveredconditionals="0" methods="1" coveredmethods="0"/>
          <line num="4" count="2" type="stmt"/>
        </file>
      </package>
      <package name="src.shared.components.Common.AppMain">
        <metrics statements="5" coveredstatements="5" conditionals="2" coveredconditionals="2" methods="2" coveredmethods="1"/>
        <file name="index.tsx" path="C:\Users\kovalchuk\projects\react-app\src\shared\components\Common\AppMain\index.tsx">
          <metrics statements="4" coveredstatements="4" conditionals="2" coveredconditionals="2" methods="1" coveredmethods="1"/>
          <line num="12" count="3" type="stmt"/>
          <line num="13" count="6" type="stmt"/>
          <line num="14" count="6" type="stmt"/>
          <line num="30" count="3" type="stmt"/>
        </file>
        <file name="styles.tsx" path="C:\Users\kovalchuk\projects\react-app\src\shared\components\Common\AppMain\styles.tsx">
          <metrics statements="1" coveredstatements="1" conditionals="0" coveredconditionals="0" methods="1" coveredmethods="0"/>
          <line num="4" count="3" type="stmt"/>
        </file>
      </package>
      <package name="src.shared.components.Common.CatalogSearch">
        <metrics statements="36" coveredstatements="20" conditionals="29" coveredconditionals="3" methods="15" coveredmethods="3"/>
        <file name="index.tsx" path="C:\Users\kovalchuk\projects\react-app\src\shared\components\Common\CatalogSearch\index.tsx">
          <metrics statements="35" coveredstatements="19" conditionals="29" coveredconditionals="3" methods="14" coveredmethods="3"/>
          <line num="36" count="2" type="stmt"/>
          <line num="38" count="7" type="cond" truecount="3" falsecount="0"/>
          <line num="39" count="7" type="stmt"/>
          <line num="43" count="7" type="stmt"/>
          <line num="44" count="0" type="stmt"/>
          <line num="46" count="0" type="stmt"/>
          <line num="52" count="0" type="stmt"/>
          <line num="63" count="7" type="stmt"/>
          <line num="64" count="0" type="cond" truecount="0" falsecount="2"/>
          <line num="65" count="0" type="stmt"/>
          <line num="68" count="0" type="stmt"/>
          <line num="69" count="0" type="stmt"/>
          <line num="71" count="0" type="stmt"/>
          <line num="75" count="0" type="stmt"/>
          <line num="95" count="2" type="stmt"/>
          <line num="96" count="0" type="stmt"/>
          <line num="99" count="7" type="stmt"/>
          <line num="100" count="0" type="stmt"/>
          <line num="103" count="7" type="stmt"/>
          <line num="107" count="7" type="stmt"/>
          <line num="108" count="0" type="stmt"/>
          <line num="112" count="0" type="cond" truecount="0" falsecount="2"/>
          <line num="117" count="7" type="cond" truecount="0" falsecount="2"/>
          <line num="119" count="7" type="stmt"/>
          <line num="120" count="1" type="stmt"/>
          <line num="123" count="2" type="stmt"/>
          <line num="124" count="10" type="stmt"/>
          <line num="126" count="10" type="stmt"/>
          <line num="136" count="10" type="stmt"/>
          <line num="152" count="0" type="stmt"/>
          <line num="166" count="2" type="stmt"/>
          <line num="168" count="2" type="stmt"/>
          <line num="170" count="2" type="stmt"/>
          <line num="172" count="0" type="cond" truecount="0" falsecount="2"/>
          <line num="173" count="0" type="stmt"/>
        </file>
        <file name="styles.tsx" path="C:\Users\kovalchuk\projects\react-app\src\shared\components\Common\CatalogSearch\styles.tsx">
          <metrics statements="1" coveredstatements="1" conditionals="0" coveredconditionals="0" methods="1" coveredmethods="0"/>
          <line num="4" count="2" type="stmt"/>
        </file>
      </package>
      <package name="src.shared.components.Common.Preloader">
        <metrics statements="5" coveredstatements="5" conditionals="0" coveredconditionals="0" methods="2" coveredmethods="1"/>
        <file name="index.tsx" path="C:\Users\kovalchuk\projects\react-app\src\shared\components\Common\Preloader\index.tsx">
          <metrics statements="4" coveredstatements="4" conditionals="0" coveredconditionals="0" methods="1" coveredmethods="1"/>
          <line num="11" count="4" type="stmt"/>
          <line num="12" count="1" type="stmt"/>
          <line num="13" count="1" type="stmt"/>
          <line num="22" count="4" type="stmt"/>
        </file>
        <file name="styles.tsx" path="C:\Users\kovalchuk\projects\react-app\src\shared\components\Common\Preloader\styles.tsx">
          <metrics statements="1" coveredstatements="1" conditionals="0" coveredconditionals="0" methods="1" coveredmethods="0"/>
          <line num="4" count="4" type="stmt"/>
        </file>
      </package>
      <package name="src.shared.components.Common.ProductCard">
        <metrics statements="6" coveredstatements="6" conditionals="8" coveredconditionals="6" methods="2" coveredmethods="1"/>
        <file name="index.tsx" path="C:\Users\kovalchuk\projects\react-app\src\shared\components\Common\ProductCard\index.tsx">
          <metrics statements="5" coveredstatements="5" conditionals="8" coveredconditionals="6" methods="1" coveredmethods="1"/>
          <line num="19" count="2" type="stmt"/>
          <line num="20" count="14" type="cond" truecount="2" falsecount="2"/>
          <line num="21" count="7" type="stmt"/>
          <line num="23" count="7" type="stmt"/>
          <line num="53" count="2" type="stmt"/>
        </file>
        <file name="styles.tsx" path="C:\Users\kovalchuk\projects\react-app\src\shared\components\Common\ProductCard\styles.tsx">
          <metrics statements="1" coveredstatements="1" conditionals="0" coveredconditionals="0" methods="1" coveredmethods="0"/>
          <line num="4" count="2" type="stmt"/>
        </file>
      </package>
      <package name="src.shared.components.Pages.Home">
        <metrics statements="16" coveredstatements="10" conditionals="19" coveredconditionals="4" methods="6" coveredmethods="3"/>
        <file name="index.tsx" path="C:\Users\kovalchuk\projects\react-app\src\shared\components\Pages\Home\index.tsx">
          <metrics statements="16" coveredstatements="10" conditionals="19" coveredconditionals="4" methods="6" coveredmethods="3"/>
          <line num="9" count="1" type="stmt"/>
          <line num="19" count="1" type="cond" truecount="3" falsecount="0"/>
          <line num="20" count="1" type="stmt"/>
          <line num="22" count="1" type="stmt"/>
          <line num="23" count="1" type="stmt"/>
          <line num="26" count="1" type="stmt"/>
          <line num="27" count="0" type="stmt"/>
          <line num="28" count="0" type="stmt"/>
          <line num="30" count="1" type="stmt"/>
          <line num="31" count="1" type="stmt"/>
          <line num="35" count="0" type="stmt"/>
          <line num="40" count="1" type="stmt"/>
          <line num="42" count="1" type="stmt"/>
          <line num="44" count="0" type="cond" truecount="0" falsecount="2"/>
          <line num="45" count="0" type="cond" truecount="0" falsecount="2"/>
          <line num="46" count="0" type="stmt"/>
        </file>
      </package>
      <package name="src.shared.components.Pages.LoginPage">
        <metrics statements="16" coveredstatements="10" conditionals="21" coveredconditionals="3" methods="8" coveredmethods="2"/>
        <file name="index.tsx" path="C:\Users\kovalchuk\projects\react-app\src\shared\components\Pages\LoginPage\index.tsx">
          <metrics statements="14" coveredstatements="8" conditionals="21" coveredconditionals="3" methods="6" coveredmethods="2"/>
          <line num="31" count="3" type="cond" truecount="3" falsecount="0"/>
          <line num="32" count="3" type="stmt"/>
          <line num="36" count="2" type="stmt"/>
          <line num="37" count="3" type="stmt"/>
          <line num="39" count="3" type="stmt"/>
          <line num="62" count="2" type="stmt"/>
          <line num="64" count="2" type="stmt"/>
          <line num="66" count="2" type="stmt"/>
          <line num="68" count="0" type="cond" truecount="0" falsecount="2"/>
          <line num="69" count="0" type="cond" truecount="0" falsecount="2"/>
          <line num="70" count="0" type="stmt"/>
          <line num="80" count="0" type="stmt"/>
          <line num="82" count="0" type="stmt"/>
          <line num="83" count="0" type="stmt"/>
        </file>
        <file name="styles.tsx" path="C:\Users\kovalchuk\projects\react-app\src\shared\components\Pages\LoginPage\styles.tsx">
          <metrics statements="2" coveredstatements="2" conditionals="0" coveredconditionals="0" methods="2" coveredmethods="0"/>
          <line num="4" count="4" type="stmt"/>
          <line num="16" count="4" type="stmt"/>
        </file>
      </package>
      <package name="src.shared.components.Pages.LoginPage.LoginForm">
        <metrics statements="15" coveredstatements="14" conditionals="7" coveredconditionals="7" methods="5" coveredmethods="4"/>
        <file name="index.tsx" path="C:\Users\kovalchuk\projects\react-app\src\shared\components\Pages\LoginPage\LoginForm\index.tsx">
          <metrics statements="15" coveredstatements="14" conditionals="7" coveredconditionals="7" methods="5" coveredmethods="4"/>
          <line num="20" count="4" type="cond" truecount="3" falsecount="0"/>
          <line num="22" count="4" type="stmt"/>
          <line num="29" count="4" type="stmt"/>
          <line num="30" count="3" type="stmt"/>
          <line num="31" count="3" type="cond" truecount="4" falsecount="0"/>
          <line num="32" count="2" type="stmt"/>
          <line num="34" count="1" type="stmt"/>
          <line num="38" count="1" type="stmt"/>
          <line num="41" count="14" type="stmt"/>
          <line num="42" count="0" type="stmt"/>
          <line num="47" count="3" type="stmt"/>
          <line num="48" count="7" type="stmt"/>
          <line num="49" count="7" type="stmt"/>
          <line num="101" count="3" type="stmt"/>
          <line num="103" count="3" type="stmt"/>
        </file>
      </package>
      <package name="src.shared.components.Pages.LoginPage.RegisterForm">
        <metrics statements="23" coveredstatements="19" conditionals="14" coveredconditionals="13" methods="7" coveredmethods="5"/>
        <file name="index.tsx" path="C:\Users\kovalchuk\projects\react-app\src\shared\components\Pages\LoginPage\RegisterForm\index.tsx">
          <metrics statements="23" coveredstatements="19" conditionals="14" coveredconditionals="13" methods="7" coveredmethods="5"/>
          <line num="32" count="10" type="cond" truecount="3" falsecount="0"/>
          <line num="34" count="10" type="stmt"/>
          <line num="44" count="10" type="stmt"/>
          <line num="55" count="10" type="stmt"/>
          <line num="56" count="1" type="cond" truecount="1" falsecount="1"/>
          <line num="57" count="0" type="stmt"/>
          <line num="60" count="1" type="stmt"/>
          <line num="65" count="10" type="stmt"/>
          <line num="66" count="0" type="stmt"/>
          <line num="71" count="10" type="stmt"/>
          <line num="72" count="0" type="stmt"/>
          <line num="73" count="0" type="stmt"/>
          <line num="78" count="10" type="stmt"/>
          <line num="79" count="8" type="stmt"/>
          <line num="80" count="8" type="cond" truecount="2" falsecount="0"/>
          <line num="89" count="7" type="stmt"/>
          <line num="91" count="1" type="stmt"/>
          <line num="94" count="3" type="stmt"/>
          <line num="95" count="19" type="stmt"/>
          <line num="97" count="19" type="stmt"/>
          <line num="130" count="38" type="stmt"/>
          <line num="263" count="3" type="stmt"/>
          <line num="265" count="3" type="stmt"/>
        </file>
      </package>
      <package name="src.shared.components.Pages.NotFound">
        <metrics statements="9" coveredstatements="7" conditionals="5" coveredconditionals="4" methods="3" coveredmethods="2"/>
        <file name="index.tsx" path="C:\Users\kovalchuk\projects\react-app\src\shared\components\Pages\NotFound\index.tsx">
          <metrics statements="9" coveredstatements="7" conditionals="5" coveredconditionals="4" methods="3" coveredmethods="2"/>
          <line num="4" count="1" type="stmt"/>
          <line num="6" count="1" type="cond" truecount="3" falsecount="0"/>
          <line num="7" count="1" type="stmt"/>
          <line num="8" count="1" type="stmt"/>
          <line num="9" count="0" type="stmt"/>
          <line num="10" count="0" type="stmt"/>
          <line num="12" count="1" type="stmt"/>
          <line num="13" count="1" type="stmt"/>
          <line num="19" count="1" type="stmt"/>
        </file>
      </package>
      <package name="src.shared.components.Pages.SearchPage">
        <metrics statements="18" coveredstatements="15" conditionals="31" coveredconditionals="8" methods="5" coveredmethods="3"/>
        <file name="fixture.ts" path="C:\Users\kovalchuk\projects\react-app\src\shared\components\Pages\SearchPage\fixture.ts">
          <metrics statements="3" coveredstatements="3" conditionals="0" coveredconditionals="0" methods="0" coveredmethods="0"/>
          <line num="2" count="2" type="stmt"/>
          <line num="4" count="2" type="stmt"/>
          <line num="117" count="2" type="stmt"/>
        </file>
        <file name="index.tsx" path="C:\Users\kovalchuk\projects\react-app\src\shared\components\Pages\SearchPage\index.tsx">
          <metrics statements="14" coveredstatements="11" conditionals="31" coveredconditionals="8" methods="4" coveredmethods="3"/>
          <line num="26" count="1" type="stmt"/>
          <line num="28" count="5" type="cond" truecount="3" falsecount="0"/>
          <line num="30" count="5" type="stmt"/>
          <line num="34" count="1" type="stmt"/>
          <line num="35" count="6" type="stmt"/>
          <line num="38" count="6" type="stmt"/>
          <line num="40" count="6" type="stmt"/>
          <line num="67" count="50" type="cond" truecount="2" falsecount="0"/>
          <line num="94" count="1" type="stmt"/>
          <line num="96" count="1" type="stmt"/>
          <line num="98" count="1" type="stmt"/>
          <line num="100" count="0" type="cond" truecount="0" falsecount="2"/>
          <line num="101" count="0" type="cond" truecount="0" falsecount="2"/>
          <line num="102" count="0" type="stmt"/>
        </file>
        <file name="styles.tsx" path="C:\Users\kovalchuk\projects\react-app\src\shared\components\Pages\SearchPage\styles.tsx">
          <metrics statements="1" coveredstatements="1" conditionals="0" coveredconditionals="0" methods="1" coveredmethods="0"/>
          <line num="4" count="1" type="stmt"/>
        </file>
      </package>
      <package name="src.shared.constants.ActionTypes.Pages">
        <metrics statements="6" coveredstatements="6" conditionals="0" coveredconditionals="0" methods="0" coveredmethods="0"/>
        <file name="Home.ts" path="C:\Users\kovalchuk\projects\react-app\src\shared\constants\ActionTypes\Pages\Home.ts">
          <metrics statements="1" coveredstatements="1" conditionals="0" coveredconditionals="0" methods="0" coveredmethods="0"/>
          <line num="1" count="4" type="stmt"/>
        </file>
        <file name="Login.ts" path="C:\Users\kovalchuk\projects\react-app\src\shared\constants\ActionTypes\Pages\Login.ts">
          <metrics statements="2" coveredstatements="2" conditionals="0" coveredconditionals="0" methods="0" coveredmethods="0"/>
          <line num="1" count="2" type="stmt"/>
          <line num="3" count="2" type="stmt"/>
        </file>
        <file name="Search.ts" path="C:\Users\kovalchuk\projects\react-app\src\shared\constants\ActionTypes\Pages\Search.ts">
          <metrics statements="3" coveredstatements="3" conditionals="0" coveredconditionals="0" methods="0" coveredmethods="0"/>
          <line num="1" count="2" type="stmt"/>
          <line num="3" count="2" type="stmt"/>
          <line num="5" count="2" type="stmt"/>
        </file>
      </package>
      <package name="src.shared.lib">
        <metrics statements="4" coveredstatements="3" conditionals="0" coveredconditionals="0" methods="4" coveredmethods="3"/>
        <file name="redux-helper.ts" path="C:\Users\kovalchuk\projects\react-app\src\shared\lib\redux-helper.ts">
          <metrics statements="1" coveredstatements="1" conditionals="0" coveredconditionals="0" methods="2" coveredmethods="2"/>
          <line num="5" count="7" type="stmt"/>
        </file>
        <file name="tests-helper.tsx" path="C:\Users\kovalchuk\projects\react-app\src\shared\lib\tests-helper.tsx">
          <metrics statements="3" coveredstatements="2" conditionals="0" coveredconditionals="0" methods="2" coveredmethods="1"/>
          <line num="8" count="1" type="stmt"/>
          <line num="10" count="1" type="stmt"/>
          <line num="11" count="0" type="stmt"/>
        </file>
      </package>
      <package name="src.shared.reducers.Pages">
        <metrics statements="7" coveredstatements="7" conditionals="6" coveredconditionals="6" methods="1" coveredmethods="1"/>
        <file name="Home.ts" path="C:\Users\kovalchuk\projects\react-app\src\shared\reducers\Pages\Home.ts">
          <metrics statements="7" coveredstatements="7" conditionals="6" coveredconditionals="6" methods="1" coveredmethods="1"/>
          <line num="16" count="1" type="stmt"/>
          <line num="21" count="5" type="cond" truecount="2" falsecount="0"/>
          <line num="22" count="4" type="stmt"/>
          <line num="26" count="1" type="stmt"/>
          <line num="37" count="1" type="stmt"/>
          <line num="48" count="1" type="stmt"/>
          <line num="57" count="1" type="stmt"/>
        </file>
      </package>
      <package name="src.shared.services.Common">
        <metrics statements="28" coveredstatements="11" conditionals="4" coveredconditionals="2" methods="3" coveredmethods="2"/>
        <file name="Catalog.ts" path="C:\Users\kovalchuk\projects\react-app\src\shared\services\Common\Catalog.ts">
          <metrics statements="28" coveredstatements="11" conditionals="4" coveredconditionals="2" methods="3" coveredmethods="2"/>
          <line num="4" count="3" type="stmt"/>
          <line num="5" count="3" type="stmt"/>
          <line num="8" count="2" type="stmt"/>
          <line num="11" count="2" type="cond" truecount="2" falsecount="0"/>
          <line num="12" count="1" type="stmt"/>
          <line num="16" count="1" type="stmt"/>
          <line num="19" count="1" type="stmt"/>
          <line num="23" count="1" type="stmt"/>
          <line num="24" count="1" type="stmt"/>
          <line num="28" count="0" type="stmt"/>
          <line num="29" count="0" type="stmt"/>
          <line num="33" count="0" type="stmt"/>
          <line num="34" count="0" type="stmt"/>
          <line num="38" count="3" type="stmt"/>
          <line num="41" count="0" type="stmt"/>
          <line num="42" count="0" type="stmt"/>
          <line num="44" count="0" type="cond" truecount="0" falsecount="2"/>
          <line num="45" count="0" type="stmt"/>
          <line num="50" count="0" type="stmt"/>
          <line num="52" count="0" type="stmt"/>
          <line num="53" count="0" type="stmt"/>
          <line num="57" count="0" type="stmt"/>
          <line num="58" count="0" type="stmt"/>
          <line num="62" count="0" type="stmt"/>
          <line num="63" count="0" type="stmt"/>
          <line num="67" count="0" type="stmt"/>
          <line num="68" count="0" type="stmt"/>
          <line num="71" count="3" type="stmt"/>
        </file>
      </package>
      <package name="src.shared.services.Pages">
        <metrics statements="42" coveredstatements="7" conditionals="4" coveredconditionals="0" methods="5" coveredmethods="2"/>
        <file name="Home.ts" path="C:\Users\kovalchuk\projects\react-app\src\shared\services\Pages\Home.ts">
          <metrics statements="8" coveredstatements="3" conditionals="0" coveredconditionals="0" methods="2" coveredmethods="1"/>
          <line num="4" count="3" type="stmt"/>
          <line num="5" count="3" type="stmt"/>
          <line num="6" count="0" type="stmt"/>
          <line num="15" count="0" type="stmt"/>
          <line num="17" count="0" type="stmt"/>
          <line num="18" count="0" type="stmt"/>
          <line num="22" count="0" type="stmt"/>
          <line num="25" count="3" type="stmt"/>
        </file>
        <file name="Login.ts" path="C:\Users\kovalchuk\projects\react-app\src\shared\services\Pages\Login.ts">
          <metrics statements="34" coveredstatements="4" conditionals="4" coveredconditionals="0" methods="3" coveredmethods="1"/>
          <line num="4" count="2" type="stmt"/>
          <line num="5" count="2" type="stmt"/>
          <line num="7" count="0" type="stmt"/>
          <line num="13" count="0" type="stmt"/>
          <line num="14" count="0" type="stmt"/>
          <line num="16" count="0" type="cond" truecount="0" falsecount="2"/>
          <line num="17" count="0" type="stmt"/>
          <line num="21" count="0" type="stmt"/>
          <line num="22" count="0" type="stmt"/>
          <line num="24" count="0" type="stmt"/>
          <line num="25" count="0" type="stmt"/>
          <line num="29" count="0" type="stmt"/>
          <line num="30" count="0" type="stmt"/>
          <line num="34" count="0" type="stmt"/>
          <line num="35" count="0" type="stmt"/>
          <line num="39" count="0" type="stmt"/>
          <line num="40" count="0" type="stmt"/>
          <line num="44" count="2" type="stmt"/>
          <line num="46" count="0" type="stmt"/>
          <line num="53" count="0" type="stmt"/>
          <line num="54" count="0" type="stmt"/>
          <line num="56" count="0" type="cond" truecount="0" falsecount="2"/>
          <line num="57" count="0" type="stmt"/>
          <line num="61" count="0" type="stmt"/>
          <line num="62" count="0" type="stmt"/>
          <line num="64" count="0" type="stmt"/>
          <line num="65" count="0" type="stmt"/>
          <line num="69" count="0" type="stmt"/>
          <line num="70" count="0" type="stmt"/>
          <line num="74" count="0" type="stmt"/>
          <line num="75" count="0" type="stmt"/>
          <line num="79" count="0" type="stmt"/>
          <line num="80" count="0" type="stmt"/>
          <line num="83" count="2" type="stmt"/>
        </file>
      </package>
      <package name="src.shared.services.api">
        <metrics statements="1" coveredstatements="1" conditionals="0" coveredconditionals="0" methods="0" coveredmethods="0"/>
        <file name="index.ts" path="C:\Users\kovalchuk\projects\react-app\src\shared\services\api\index.ts">
          <metrics statements="1" coveredstatements="1" conditionals="0" coveredconditionals="0" methods="0" coveredmethods="0"/>
          <line num="4" count="5" type="stmt"/>
        </file>
      </package>
      <package name="src.shared.services.priceFormatter">
        <metrics statements="3" coveredstatements="3" conditionals="4" coveredconditionals="2" methods="1" coveredmethods="1"/>
        <file name="index.tsx" path="C:\Users\kovalchuk\projects\react-app\src\shared\services\priceFormatter\index.tsx">
          <metrics statements="3" coveredstatements="3" conditionals="4" coveredconditionals="2" methods="1" coveredmethods="1"/>
          <line num="2" count="16" type="cond" truecount="2" falsecount="2"/>
          <line num="3" count="8" type="stmt"/>
          <line num="9" count="8" type="stmt"/>
        </file>
      </package>
      <package name="test">
        <metrics statements="5" coveredstatements="4" conditionals="0" coveredconditionals="0" methods="1" coveredmethods="0"/>
        <file name="test-setup.js" path="C:\Users\kovalchuk\projects\react-app\test\test-setup.js">
          <metrics statements="3" coveredstatements="3" conditionals="0" coveredconditionals="0" methods="0" coveredmethods="0"/>
          <line num="7" count="16" type="stmt"/>
          <line num="8" count="16" type="stmt"/>
          <line num="10" count="16" type="stmt"/>
        </file>
        <file name="test-shim.js" path="C:\Users\kovalchuk\projects\react-app\test\test-shim.js">
          <metrics statements="2" coveredstatements="1" conditionals="0" coveredconditionals="0" methods="1" coveredmethods="0"/>
          <line num="7" count="16" type="stmt"/>
          <line num="8" count="0" type="stmt"/>
        </file>
      </package>
    </metrics>
  </project>
</coverage>
