{"C:\\Users\\kovalchuk\\projects\\react-app\\src\\shared\\config.ts": {"path":"C:\\Users\\kovalchuk\\projects\\react-app\\src\\shared\\config.ts","statementMap":{"0":{"start":{"line":1,"column":22},"end":{"line":7,"column":1}}},"fnMap":{},"branchMap":{"0":{"loc":{"start":{"line":2,"column":43},"end":{"line":2,"column":72}},"type":"cond-expr","locations":[{"start":{"line":2,"column":43},"end":{"line":2,"column":72}},{"start":{"line":2,"column":75},"end":{"line":2,"column":81}}]},"1":{"loc":{"start":{"line":3,"column":35},"end":{"line":3,"column":60}},"type":"cond-expr","locations":[{"start":{"line":3,"column":35},"end":{"line":3,"column":60}},{"start":{"line":3,"column":63},"end":{"line":3,"column":74}}]},"2":{"loc":{"start":{"line":4,"column":35},"end":{"line":4,"column":60}},"type":"cond-expr","locations":[{"start":{"line":4,"column":35},"end":{"line":4,"column":60}},{"start":{"line":4,"column":63},"end":{"line":4,"column":69}}]},"3":{"loc":{"start":{"line":5,"column":35},"end":{"line":5,"column":60}},"type":"cond-expr","locations":[{"start":{"line":5,"column":35},"end":{"line":5,"column":60}},{"start":{"line":5,"column":63},"end":{"line":5,"column":70}}]},"4":{"loc":{"start":{"line":6,"column":33},"end":{"line":6,"column":57}},"type":"cond-expr","locations":[{"start":{"line":6,"column":33},"end":{"line":6,"column":57}},{"start":{"line":6,"column":60},"end":{"line":6,"column":88}}]}},"s":{"0":6},"f":{},"b":{"0":[0,6],"1":[0,6],"2":[0,6],"3":[0,6],"4":[0,6]}}
,"C:\\Users\\kovalchuk\\projects\\react-app\\src\\shared\\actions\\Pages\\Home.ts": {"path":"C:\\Users\\kovalchuk\\projects\\react-app\\src\\shared\\actions\\Pages\\Home.ts","statementMap":{"0":{"start":{"line":7,"column":38},"end":{"line":10,"column":1}},"1":{"start":{"line":12,"column":29},"end":{"line":17,"column":1}},"2":{"start":{"line":13,"column":2},"end":{"line":16,"column":4}},"3":{"start":{"line":14,"column":4},"end":{"line":14,"column":68}},"4":{"start":{"line":15,"column":4},"end":{"line":15,"column":37}}},"fnMap":{"0":{"name":"(anonymous_0)","decl":{"start":{"line":12,"column":29},"end":{"line":null,"column":-1}},"loc":{"start":{"line":12,"column":29},"end":{"line":17,"column":1}}},"1":{"name":"(anonymous_1)","decl":{"start":{"line":13,"column":9},"end":{"line":13,"column":9}},"loc":{"start":{"line":13,"column":48},"end":{"line":16,"column":3}}}},"branchMap":{},"s":{"0":2,"1":2,"2":1,"3":0,"4":0},"f":{"0":1,"1":0},"b":{}}
,"C:\\Users\\kovalchuk\\projects\\react-app\\src\\shared\\actions\\Pages\\Login.ts": {"path":"C:\\Users\\kovalchuk\\projects\\react-app\\src\\shared\\actions\\Pages\\Login.ts","statementMap":{"0":{"start":{"line":8,"column":33},"end":{"line":10,"column":1}},"1":{"start":{"line":12,"column":36},"end":{"line":14,"column":1}},"2":{"start":{"line":16,"column":31},"end":{"line":21,"column":1}},"3":{"start":{"line":17,"column":2},"end":{"line":20,"column":4}},"4":{"start":{"line":18,"column":4},"end":{"line":18,"column":75}},"5":{"start":{"line":19,"column":4},"end":{"line":19,"column":32}},"6":{"start":{"line":23,"column":38},"end":{"line":28,"column":1}},"7":{"start":{"line":24,"column":2},"end":{"line":27,"column":4}},"8":{"start":{"line":25,"column":4},"end":{"line":25,"column":75}},"9":{"start":{"line":26,"column":4},"end":{"line":26,"column":35}}},"fnMap":{"0":{"name":"(anonymous_0)","decl":{"start":{"line":16,"column":31},"end":{"line":16,"column":40}},"loc":{"start":{"line":16,"column":53},"end":{"line":21,"column":1}}},"1":{"name":"(anonymous_1)","decl":{"start":{"line":17,"column":9},"end":{"line":17,"column":9}},"loc":{"start":{"line":17,"column":48},"end":{"line":20,"column":3}}},"2":{"name":"(anonymous_2)","decl":{"start":{"line":23,"column":38},"end":{"line":23,"column":47}},"loc":{"start":{"line":23,"column":60},"end":{"line":28,"column":1}}},"3":{"name":"(anonymous_3)","decl":{"start":{"line":24,"column":9},"end":{"line":24,"column":9}},"loc":{"start":{"line":24,"column":48},"end":{"line":27,"column":3}}}},"branchMap":{},"s":{"0":2,"1":2,"2":2,"3":0,"4":0,"5":0,"6":2,"7":0,"8":0,"9":0},"f":{"0":0,"1":0,"2":0,"3":0},"b":{}}
,"C:\\Users\\kovalchuk\\projects\\react-app\\src\\shared\\actions\\Pages\\Search.ts": {"path":"C:\\Users\\kovalchuk\\projects\\react-app\\src\\shared\\actions\\Pages\\Search.ts","statementMap":{"0":{"start":{"line":9,"column":34},"end":{"line":11,"column":1}},"1":{"start":{"line":13,"column":32},"end":{"line":18,"column":1}},"2":{"start":{"line":14,"column":2},"end":{"line":17,"column":4}},"3":{"start":{"line":15,"column":4},"end":{"line":15,"column":82}},"4":{"start":{"line":16,"column":4},"end":{"line":16,"column":33}},"5":{"start":{"line":20,"column":32},"end":{"line":25,"column":1}},"6":{"start":{"line":21,"column":2},"end":{"line":24,"column":4}},"7":{"start":{"line":27,"column":39},"end":{"line":31,"column":1}},"8":{"start":{"line":28,"column":2},"end":{"line":30,"column":4}}},"fnMap":{"0":{"name":"(anonymous_0)","decl":{"start":{"line":13,"column":32},"end":{"line":13,"column":41}},"loc":{"start":{"line":13,"column":55},"end":{"line":18,"column":1}}},"1":{"name":"(anonymous_1)","decl":{"start":{"line":14,"column":9},"end":{"line":14,"column":9}},"loc":{"start":{"line":14,"column":48},"end":{"line":17,"column":3}}},"2":{"name":"(anonymous_2)","decl":{"start":{"line":20,"column":32},"end":{"line":20,"column":40}},"loc":{"start":{"line":20,"column":59},"end":{"line":25,"column":1}}},"3":{"name":"(anonymous_3)","decl":{"start":{"line":27,"column":39},"end":{"line":null,"column":-1}},"loc":{"start":{"line":27,"column":39},"end":{"line":31,"column":1}}}},"branchMap":{},"s":{"0":2,"1":2,"2":0,"3":0,"4":0,"5":2,"6":0,"7":2,"8":1},"f":{"0":0,"1":0,"2":0,"3":1},"b":{}}
,"C:\\Users\\kovalchuk\\projects\\react-app\\src\\shared\\components\\Common\\AppHeader\\index.tsx": {"path":"C:\\Users\\kovalchuk\\projects\\react-app\\src\\shared\\components\\Common\\AppHeader\\index.tsx","statementMap":{"0":{"start":{"line":27,"column":56},"end":{"line":76,"column":1}},"1":{"start":{"line":28,"column":10},"end":{"line":28,"column":17}},"2":{"start":{"line":30,"column":2},"end":{"line":75,"column":4}},"3":{"start":{"line":78,"column":24},"end":{"line":78,"column":57}},"4":{"start":{"line":80,"column":25},"end":{"line":96,"column":18}},"5":{"start":{"line":82,"column":36},"end":{"line":82,"column":70}},"6":{"start":{"line":83,"column":41},"end":{"line":83,"column":83}},"7":{"start":{"line":84,"column":37},"end":{"line":84,"column":79}},"8":{"start":{"line":85,"column":4},"end":{"line":94,"column":6}}},"fnMap":{"0":{"name":"(anonymous_0)","decl":{"start":{"line":27,"column":56},"end":{"line":27,"column":56}},"loc":{"start":{"line":27,"column":62},"end":{"line":76,"column":1}}},"1":{"name":"(anonymous_1)","decl":{"start":{"line":81,"column":2},"end":{"line":81,"column":2}},"loc":{"start":{"line":81,"column":28},"end":{"line":95,"column":3}}}},"branchMap":{"0":{"loc":{"start":{"line":82,"column":52},"end":{"line":82,"column":65}},"type":"cond-expr","locations":[{"start":{"line":82,"column":52},"end":{"line":82,"column":65}},{"start":{"line":82,"column":68},"end":{"line":82,"column":70}}]},"1":{"loc":{"start":{"line":83,"column":60},"end":{"line":83,"column":76}},"type":"cond-expr","locations":[{"start":{"line":83,"column":60},"end":{"line":83,"column":76}},{"start":{"line":83,"column":79},"end":{"line":83,"column":83}}]},"2":{"loc":{"start":{"line":84,"column":56},"end":{"line":84,"column":72}},"type":"cond-expr","locations":[{"start":{"line":84,"column":56},"end":{"line":84,"column":72}},{"start":{"line":84,"column":75},"end":{"line":84,"column":79}}]},"3":{"loc":{"start":{"line":87,"column":41},"end":{"line":87,"column":61}},"type":"cond-expr","locations":[{"start":{"line":87,"column":41},"end":{"line":87,"column":61}},{"start":{"line":87,"column":64},"end":{"line":87,"column":81}}]},"4":{"loc":{"start":{"line":88,"column":69},"end":{"line":88,"column":98}},"type":"cond-expr","locations":[{"start":{"line":88,"column":69},"end":{"line":88,"column":98}},{"start":{"line":88,"column":101},"end":{"line":88,"column":118}}]},"5":{"loc":{"start":{"line":88,"column":18},"end":{"line":88,"column":33}},"type":"binary-expr","locations":[{"start":{"line":88,"column":18},"end":{"line":88,"column":33}},{"start":{"line":88,"column":37},"end":{"line":88,"column":66}}]},"6":{"loc":{"start":{"line":89,"column":65},"end":{"line":89,"column":92}},"type":"cond-expr","locations":[{"start":{"line":89,"column":65},"end":{"line":89,"column":92}},{"start":{"line":89,"column":95},"end":{"line":89,"column":110}}]},"7":{"loc":{"start":{"line":89,"column":16},"end":{"line":89,"column":31}},"type":"binary-expr","locations":[{"start":{"line":89,"column":16},"end":{"line":89,"column":31}},{"start":{"line":89,"column":35},"end":{"line":89,"column":62}}]},"8":{"loc":{"start":{"line":90,"column":64},"end":{"line":90,"column":87}},"type":"cond-expr","locations":[{"start":{"line":90,"column":64},"end":{"line":90,"column":87}},{"start":{"line":90,"column":90},"end":{"line":90,"column":106}}]},"9":{"loc":{"start":{"line":90,"column":19},"end":{"line":90,"column":34}},"type":"binary-expr","locations":[{"start":{"line":90,"column":19},"end":{"line":90,"column":34}},{"start":{"line":90,"column":38},"end":{"line":90,"column":61}}]},"10":{"loc":{"start":{"line":91,"column":67},"end":{"line":91,"column":95}},"type":"cond-expr","locations":[{"start":{"line":91,"column":67},"end":{"line":91,"column":95}},{"start":{"line":91,"column":98},"end":{"line":91,"column":118}}]},"11":{"loc":{"start":{"line":91,"column":21},"end":{"line":91,"column":32}},"type":"binary-expr","locations":[{"start":{"line":91,"column":21},"end":{"line":91,"column":32}},{"start":{"line":91,"column":36},"end":{"line":91,"column":64}}]},"12":{"loc":{"start":{"line":92,"column":65},"end":{"line":92,"column":92}},"type":"cond-expr","locations":[{"start":{"line":92,"column":65},"end":{"line":92,"column":92}},{"start":{"line":92,"column":95},"end":{"line":92,"column":114}}]},"13":{"loc":{"start":{"line":92,"column":20},"end":{"line":92,"column":31}},"type":"binary-expr","locations":[{"start":{"line":92,"column":20},"end":{"line":92,"column":31}},{"start":{"line":92,"column":35},"end":{"line":92,"column":62}}]}},"s":{"0":1,"1":3,"2":3,"3":1,"4":1,"5":0,"6":0,"7":0,"8":0},"f":{"0":3,"1":0},"b":{"0":[0,0],"1":[0,0],"2":[0,0],"3":[0,0],"4":[0,0],"5":[0,0],"6":[0,0],"7":[0,0],"8":[0,0],"9":[0,0],"10":[0,0],"11":[0,0],"12":[0,0],"13":[0,0]}}
,"C:\\Users\\kovalchuk\\projects\\react-app\\src\\shared\\components\\Common\\AppHeader\\styles.tsx": {"path":"C:\\Users\\kovalchuk\\projects\\react-app\\src\\shared\\components\\Common\\AppHeader\\styles.tsx","statementMap":{"0":{"start":{"line":4,"column":22},"end":{"line":12,"column":2}},"1":{"start":{"line":4,"column":40},"end":{"line":12,"column":2}}},"fnMap":{"0":{"name":"(anonymous_0)","decl":{"start":{"line":4,"column":22},"end":{"line":4,"column":22}},"loc":{"start":{"line":4,"column":35},"end":{"line":12,"column":2}}}},"branchMap":{},"s":{"0":1,"1":0},"f":{"0":0},"b":{}}
,"C:\\Users\\kovalchuk\\projects\\react-app\\src\\shared\\components\\Common\\AppLogo\\index.tsx": {"path":"C:\\Users\\kovalchuk\\projects\\react-app\\src\\shared\\components\\Common\\AppLogo\\index.tsx","statementMap":{"0":{"start":{"line":11,"column":52},"end":{"line":18,"column":1}},"1":{"start":{"line":12,"column":10},"end":{"line":12,"column":17}},"2":{"start":{"line":13,"column":2},"end":{"line":17,"column":4}},"3":{"start":{"line":20,"column":23},"end":{"line":20,"column":54}}},"fnMap":{"0":{"name":"(anonymous_0)","decl":{"start":{"line":11,"column":52},"end":{"line":11,"column":52}},"loc":{"start":{"line":11,"column":58},"end":{"line":18,"column":1}}}},"branchMap":{},"s":{"0":2,"1":1,"2":1,"3":2},"f":{"0":1},"b":{}}
,"C:\\Users\\kovalchuk\\projects\\react-app\\src\\shared\\components\\Common\\AppLogo\\styles.tsx": {"path":"C:\\Users\\kovalchuk\\projects\\react-app\\src\\shared\\components\\Common\\AppLogo\\styles.tsx","statementMap":{"0":{"start":{"line":4,"column":22},"end":{"line":9,"column":2}},"1":{"start":{"line":4,"column":40},"end":{"line":9,"column":2}}},"fnMap":{"0":{"name":"(anonymous_0)","decl":{"start":{"line":4,"column":22},"end":{"line":4,"column":22}},"loc":{"start":{"line":4,"column":35},"end":{"line":9,"column":2}}}},"branchMap":{},"s":{"0":2,"1":0},"f":{"0":0},"b":{}}
,"C:\\Users\\kovalchuk\\projects\\react-app\\src\\shared\\components\\Common\\AppMain\\index.tsx": {"path":"C:\\Users\\kovalchuk\\projects\\react-app\\src\\shared\\components\\Common\\AppMain\\index.tsx","statementMap":{"0":{"start":{"line":12,"column":52},"end":{"line":28,"column":1}},"1":{"start":{"line":13,"column":10},"end":{"line":13,"column":17}},"2":{"start":{"line":13,"column":19},"end":{"line":13,"column":28}},"3":{"start":{"line":14,"column":2},"end":{"line":27,"column":4}},"4":{"start":{"line":30,"column":23},"end":{"line":30,"column":54}}},"fnMap":{"0":{"name":"(anonymous_0)","decl":{"start":{"line":12,"column":52},"end":{"line":12,"column":52}},"loc":{"start":{"line":12,"column":58},"end":{"line":28,"column":1}}}},"branchMap":{"0":{"loc":{"start":{"line":23,"column":21},"end":{"line":23,"column":33}},"type":"cond-expr","locations":[{"start":{"line":23,"column":21},"end":{"line":23,"column":33}},{"start":{"line":23,"column":36},"end":{"line":23,"column":40}}]}},"s":{"0":3,"1":6,"2":6,"3":6,"4":3},"f":{"0":6},"b":{"0":[1,5]}}
,"C:\\Users\\kovalchuk\\projects\\react-app\\src\\shared\\components\\Common\\AppMain\\styles.tsx": {"path":"C:\\Users\\kovalchuk\\projects\\react-app\\src\\shared\\components\\Common\\AppMain\\styles.tsx","statementMap":{"0":{"start":{"line":4,"column":22},"end":{"line":16,"column":2}},"1":{"start":{"line":4,"column":40},"end":{"line":16,"column":2}}},"fnMap":{"0":{"name":"(anonymous_0)","decl":{"start":{"line":4,"column":22},"end":{"line":4,"column":22}},"loc":{"start":{"line":4,"column":35},"end":{"line":16,"column":2}}}},"branchMap":{},"s":{"0":3,"1":0},"f":{"0":0},"b":{}}
,"C:\\Users\\kovalchuk\\projects\\react-app\\src\\shared\\components\\Common\\CatalogSearch\\index.tsx": {"path":"C:\\Users\\kovalchuk\\projects\\react-app\\src\\shared\\components\\Common\\CatalogSearch\\index.tsx","statementMap":{"0":{"start":{"line":33,"column":27},"end":{"line":33,"column":35}},"1":{"start":{"line":35,"column":0},"end":{"line":35,"column":54}},"2":{"start":{"line":35,"column":39},"end":{"line":35,"column":82}},"3":{"start":{"line":35,"column":0},"end":{"line":162,"column":0}},"4":{"start":{"line":36,"column":9},"end":{"line":38,"column":4}},"5":{"start":{"line":40,"column":10},"end":{"line":58,"column":3}},"6":{"start":{"line":41,"column":12},"end":{"line":41,"column":19}},"7":{"start":{"line":41,"column":21},"end":{"line":41,"column":24}},"8":{"start":{"line":41,"column":26},"end":{"line":41,"column":34}},"9":{"start":{"line":43,"column":4},"end":{"line":57,"column":6}},"10":{"start":{"line":49,"column":12},"end":{"line":49,"column":22}},"11":{"start":{"line":60,"column":10},"end":{"line":86,"column":3}},"12":{"start":{"line":60,"column":49},"end":{"line":60,"column":54}},"13":{"start":{"line":60,"column":56},"end":{"line":60,"column":69}},"14":{"start":{"line":61,"column":20},"end":{"line":61,"column":58}},"15":{"start":{"line":62,"column":18},"end":{"line":62,"column":58}},"16":{"start":{"line":64,"column":4},"end":{"line":85,"column":6}},"17":{"start":{"line":68,"column":10},"end":{"line":76,"column":12}},"18":{"start":{"line":92,"column":9},"end":{"line":94,"column":3}},"19":{"start":{"line":92,"column":46},"end":{"line":92,"column":51}},"20":{"start":{"line":93,"column":4},"end":{"line":93,"column":49}},"21":{"start":{"line":96,"column":10},"end":{"line":98,"column":3}},"22":{"start":{"line":100,"column":11},"end":{"line":108,"column":3}},"23":{"start":{"line":100,"column":41},"end":{"line":100,"column":49}},"24":{"start":{"line":101,"column":4},"end":{"line":103,"column":7}},"25":{"start":{"line":105,"column":4},"end":{"line":107,"column":5}},"26":{"start":{"line":110,"column":10},"end":{"line":110,"column":97}},"27":{"start":{"line":110,"column":64},"end":{"line":110,"column":96}},"28":{"start":{"line":112,"column":10},"end":{"line":114,"column":3}},"29":{"start":{"line":113,"column":4},"end":{"line":113,"column":51}},"30":{"start":{"line":88,"column":10},"end":{"line":90,"column":3}},"31":{"start":{"line":89,"column":4},"end":{"line":89,"column":36}},"32":{"start":{"line":116,"column":9},"end":{"line":161,"column":3}},"33":{"start":{"line":117,"column":10},"end":{"line":117,"column":47}},"34":{"start":{"line":117,"column":12},"end":{"line":117,"column":19}},"35":{"start":{"line":117,"column":21},"end":{"line":117,"column":32}},"36":{"start":{"line":122,"column":29},"end":{"line":130,"column":5}},"37":{"start":{"line":132,"column":4},"end":{"line":160,"column":6}},"38":{"start":{"line":148,"column":56},"end":{"line":152,"column":11}},"39":{"start":{"line":162,"column":0},"end":{"line":162,"column":1}},"40":{"start":{"line":164,"column":22},"end":{"line":164,"column":59}},"41":{"start":{"line":166,"column":31},"end":{"line":177,"column":16}},"42":{"start":{"line":168,"column":37},"end":{"line":168,"column":79}},"43":{"start":{"line":169,"column":4},"end":{"line":175,"column":6}}},"fnMap":{"0":{"name":"(anonymous_0)","decl":{"start":{"line":35,"column":0},"end":{"line":null,"column":-1}},"loc":{"start":{"line":35,"column":0},"end":{"line":35,"column":-1}}},"1":{"name":"(anonymous_2)","decl":{"start":{"line":40,"column":33},"end":{"line":40,"column":33}},"loc":{"start":{"line":40,"column":49},"end":{"line":58,"column":3}}},"2":{"name":"(anonymous_3)","decl":{"start":{"line":48,"column":20},"end":{"line":48,"column":19}},"loc":{"start":{"line":48,"column":24},"end":{"line":50,"column":11}}},"3":{"name":"(anonymous_4)","decl":{"start":{"line":60,"column":29},"end":{"line":60,"column":29}},"loc":{"start":{"line":60,"column":76},"end":{"line":86,"column":3}}},"4":{"name":"(anonymous_5)","decl":{"start":{"line":67,"column":19},"end":{"line":67,"column":19}},"loc":{"start":{"line":67,"column":39},"end":{"line":77,"column":9}}},"5":{"name":"(anonymous_6)","decl":{"start":{"line":92,"column":43},"end":{"line":92,"column":43}},"loc":{"start":{"line":92,"column":70},"end":{"line":94,"column":3}}},"6":{"name":"(anonymous_7)","decl":{"start":{"line":96,"column":44},"end":{"line":null,"column":-1}},"loc":{"start":{"line":96,"column":44},"end":{"line":98,"column":3}}},"7":{"name":"(anonymous_8)","decl":{"start":{"line":100,"column":26},"end":{"line":100,"column":26}},"loc":{"start":{"line":100,"column":56},"end":{"line":108,"column":3}}},"8":{"name":"(anonymous_9)","decl":{"start":{"line":110,"column":36},"end":{"line":110,"column":36}},"loc":{"start":{"line":110,"column":50},"end":{"line":110,"column":96}}},"9":{"name":"(anonymous_10)","decl":{"start":{"line":112,"column":28},"end":{"line":null,"column":-1}},"loc":{"start":{"line":112,"column":28},"end":{"line":114,"column":3}}},"10":{"name":"(anonymous_11)","decl":{"start":{"line":88,"column":2},"end":{"line":88,"column":28}},"loc":{"start":{"line":88,"column":44},"end":{"line":90,"column":3}}},"11":{"name":"(anonymous_12)","decl":{"start":{"line":116,"column":2},"end":{"line":null,"column":-1}},"loc":{"start":{"line":116,"column":2},"end":{"line":161,"column":3}}},"12":{"name":"(anonymous_13)","decl":{"start":{"line":148,"column":38},"end":{"line":148,"column":38}},"loc":{"start":{"line":148,"column":51},"end":{"line":152,"column":11}}},"13":{"name":"(anonymous_14)","decl":{"start":{"line":167,"column":2},"end":{"line":167,"column":2}},"loc":{"start":{"line":167,"column":28},"end":{"line":176,"column":3}}}},"branchMap":{"0":{"loc":{"start":{"line":35,"column":0},"end":{"line":162,"column":0}},"type":"binary-expr","locations":[{"start":{"line":35,"column":0},"end":{"line":162,"column":0}},{"start":{"line":35,"column":0},"end":{"line":162,"column":0}},{"start":{"line":35,"column":0},"end":{"line":162,"column":0}}]},"1":{"loc":{"start":{"line":69,"column":12},"end":{"line":71,"column":19}},"type":"cond-expr","locations":[{"start":{"line":69,"column":12},"end":{"line":71,"column":19}},{"start":{"line":73,"column":12},"end":{"line":75,"column":21}}]},"2":{"loc":{"start":{"line":105,"column":4},"end":{"line":107,"column":5}},"type":"if","locations":[{"start":{"line":105,"column":4},"end":{"line":107,"column":5}},{"start":{"line":105,"column":4},"end":{"line":107,"column":5}}]},"3":{"loc":{"start":{"line":110,"column":64},"end":{"line":110,"column":69}},"type":"binary-expr","locations":[{"start":{"line":110,"column":64},"end":{"line":110,"column":69}},{"start":{"line":110,"column":73},"end":{"line":110,"column":96}}]},"4":{"loc":{"start":{"line":168,"column":56},"end":{"line":168,"column":72}},"type":"cond-expr","locations":[{"start":{"line":168,"column":56},"end":{"line":168,"column":72}},{"start":{"line":168,"column":75},"end":{"line":168,"column":79}}]},"5":{"loc":{"start":{"line":171,"column":67},"end":{"line":171,"column":95}},"type":"cond-expr","locations":[{"start":{"line":171,"column":67},"end":{"line":171,"column":95}},{"start":{"line":171,"column":98},"end":{"line":171,"column":118}}]},"6":{"loc":{"start":{"line":171,"column":21},"end":{"line":171,"column":32}},"type":"binary-expr","locations":[{"start":{"line":171,"column":21},"end":{"line":171,"column":32}},{"start":{"line":171,"column":36},"end":{"line":171,"column":64}}]},"7":{"loc":{"start":{"line":172,"column":65},"end":{"line":172,"column":92}},"type":"cond-expr","locations":[{"start":{"line":172,"column":65},"end":{"line":172,"column":92}},{"start":{"line":172,"column":95},"end":{"line":172,"column":114}}]},"8":{"loc":{"start":{"line":172,"column":20},"end":{"line":172,"column":31}},"type":"binary-expr","locations":[{"start":{"line":172,"column":20},"end":{"line":172,"column":31}},{"start":{"line":172,"column":35},"end":{"line":172,"column":62}}]},"9":{"loc":{"start":{"line":173,"column":61},"end":{"line":173,"column":86}},"type":"cond-expr","locations":[{"start":{"line":173,"column":61},"end":{"line":173,"column":86}},{"start":{"line":173,"column":89},"end":{"line":173,"column":106}}]},"10":{"loc":{"start":{"line":173,"column":18},"end":{"line":173,"column":29}},"type":"binary-expr","locations":[{"start":{"line":173,"column":18},"end":{"line":173,"column":29}},{"start":{"line":173,"column":33},"end":{"line":173,"column":58}}]}},"s":{"0":2,"1":2,"2":2,"3":7,"4":7,"5":7,"6":0,"7":0,"8":0,"9":0,"10":0,"11":7,"12":0,"13":0,"14":0,"15":0,"16":0,"17":0,"18":7,"19":0,"20":0,"21":7,"22":7,"23":0,"24":0,"25":0,"26":7,"27":0,"28":7,"29":1,"30":2,"31":0,"32":2,"33":10,"34":10,"35":10,"36":10,"37":10,"38":0,"39":2,"40":2,"41":2,"42":0,"43":0},"f":{"0":9,"1":0,"2":0,"3":0,"4":0,"5":0,"6":0,"7":0,"8":0,"9":1,"10":0,"11":10,"12":0,"13":0},"b":{"0":[7,7,7],"1":[0,0],"2":[0,0],"3":[0,0],"4":[0,0],"5":[0,0],"6":[0,0],"7":[0,0],"8":[0,0],"9":[0,0],"10":[0,0]}}
,"C:\\Users\\kovalchuk\\projects\\react-app\\src\\shared\\components\\Common\\CatalogSearch\\styles.tsx": {"path":"C:\\Users\\kovalchuk\\projects\\react-app\\src\\shared\\components\\Common\\CatalogSearch\\styles.tsx","statementMap":{"0":{"start":{"line":4,"column":22},"end":{"line":42,"column":2}},"1":{"start":{"line":4,"column":40},"end":{"line":42,"column":2}}},"fnMap":{"0":{"name":"(anonymous_0)","decl":{"start":{"line":4,"column":22},"end":{"line":4,"column":22}},"loc":{"start":{"line":4,"column":35},"end":{"line":42,"column":2}}}},"branchMap":{},"s":{"0":2,"1":0},"f":{"0":0},"b":{}}
,"C:\\Users\\kovalchuk\\projects\\react-app\\src\\shared\\components\\Common\\Preloader\\index.tsx": {"path":"C:\\Users\\kovalchuk\\projects\\react-app\\src\\shared\\components\\Common\\Preloader\\index.tsx","statementMap":{"0":{"start":{"line":11,"column":56},"end":{"line":20,"column":1}},"1":{"start":{"line":12,"column":10},"end":{"line":12,"column":17}},"2":{"start":{"line":13,"column":2},"end":{"line":19,"column":4}},"3":{"start":{"line":22,"column":25},"end":{"line":22,"column":58}}},"fnMap":{"0":{"name":"(anonymous_0)","decl":{"start":{"line":11,"column":56},"end":{"line":11,"column":56}},"loc":{"start":{"line":11,"column":62},"end":{"line":20,"column":1}}}},"branchMap":{},"s":{"0":4,"1":1,"2":1,"3":4},"f":{"0":1},"b":{}}
,"C:\\Users\\kovalchuk\\projects\\react-app\\src\\shared\\components\\Common\\Preloader\\styles.tsx": {"path":"C:\\Users\\kovalchuk\\projects\\react-app\\src\\shared\\components\\Common\\Preloader\\styles.tsx","statementMap":{"0":{"start":{"line":4,"column":22},"end":{"line":12,"column":2}},"1":{"start":{"line":4,"column":40},"end":{"line":12,"column":2}}},"fnMap":{"0":{"name":"(anonymous_0)","decl":{"start":{"line":4,"column":22},"end":{"line":4,"column":22}},"loc":{"start":{"line":4,"column":35},"end":{"line":12,"column":2}}}},"branchMap":{},"s":{"0":4,"1":0},"f":{"0":0},"b":{}}
,"C:\\Users\\kovalchuk\\projects\\react-app\\src\\shared\\components\\Common\\ProductCard\\index.tsx": {"path":"C:\\Users\\kovalchuk\\projects\\react-app\\src\\shared\\components\\Common\\ProductCard\\index.tsx","statementMap":{"0":{"start":{"line":19,"column":60},"end":{"line":59,"column":1}},"1":{"start":{"line":20,"column":10},"end":{"line":20,"column":17}},"2":{"start":{"line":20,"column":19},"end":{"line":20,"column":25}},"3":{"start":{"line":20,"column":27},"end":{"line":20,"column":53}},"4":{"start":{"line":20,"column":55},"end":{"line":20,"column":60}},"5":{"start":{"line":20,"column":62},"end":{"line":20,"column":70}},"6":{"start":{"line":32,"column":22},"end":{"line":32,"column":56}},"7":{"start":{"line":34,"column":2},"end":{"line":58,"column":4}},"8":{"start":{"line":61,"column":27},"end":{"line":61,"column":62}}},"fnMap":{"0":{"name":"(anonymous_0)","decl":{"start":{"line":19,"column":60},"end":{"line":19,"column":60}},"loc":{"start":{"line":19,"column":66},"end":{"line":59,"column":1}}}},"branchMap":{},"s":{"0":2,"1":5,"2":5,"3":5,"4":5,"5":5,"6":5,"7":5,"8":2},"f":{"0":5},"b":{}}
,"C:\\Users\\kovalchuk\\projects\\react-app\\src\\shared\\components\\Common\\ProductCard\\styles.tsx": {"path":"C:\\Users\\kovalchuk\\projects\\react-app\\src\\shared\\components\\Common\\ProductCard\\styles.tsx","statementMap":{"0":{"start":{"line":4,"column":22},"end":{"line":19,"column":2}},"1":{"start":{"line":4,"column":40},"end":{"line":19,"column":2}}},"fnMap":{"0":{"name":"(anonymous_0)","decl":{"start":{"line":4,"column":22},"end":{"line":4,"column":22}},"loc":{"start":{"line":4,"column":35},"end":{"line":19,"column":2}}}},"branchMap":{},"s":{"0":2,"1":0},"f":{"0":0},"b":{}}
,"C:\\Users\\kovalchuk\\projects\\react-app\\src\\shared\\components\\Pages\\Home\\index.tsx": {"path":"C:\\Users\\kovalchuk\\projects\\react-app\\src\\shared\\components\\Pages\\Home\\index.tsx","statementMap":{"0":{"start":{"line":9,"column":21},"end":{"line":9,"column":27}},"1":{"start":{"line":19,"column":0},"end":{"line":19,"column":45}},"2":{"start":{"line":19,"column":26},"end":{"line":19,"column":58}},"3":{"start":{"line":19,"column":0},"end":{"line":40,"column":0}},"4":{"start":{"line":20,"column":9},"end":{"line":20,"column":38}},"5":{"start":{"line":22,"column":9},"end":{"line":24,"column":3}},"6":{"start":{"line":23,"column":4},"end":{"line":23,"column":41}},"7":{"start":{"line":26,"column":9},"end":{"line":29,"column":3}},"8":{"start":{"line":27,"column":4},"end":{"line":27,"column":59}},"9":{"start":{"line":28,"column":4},"end":{"line":28,"column":57}},"10":{"start":{"line":30,"column":9},"end":{"line":39,"column":3}},"11":{"start":{"line":31,"column":4},"end":{"line":38,"column":6}},"12":{"start":{"line":35,"column":40},"end":{"line":35,"column":113}},"13":{"start":{"line":40,"column":0},"end":{"line":40,"column":1}},"14":{"start":{"line":42,"column":29},"end":{"line":55,"column":7}},"15":{"start":{"line":44,"column":32},"end":{"line":44,"column":66}},"16":{"start":{"line":45,"column":39},"end":{"line":45,"column":79}},"17":{"start":{"line":46,"column":4},"end":{"line":53,"column":6}}},"fnMap":{"0":{"name":"(anonymous_0)","decl":{"start":{"line":19,"column":0},"end":{"line":null,"column":-1}},"loc":{"start":{"line":19,"column":0},"end":{"line":19,"column":-1}}},"1":{"name":"(anonymous_2)","decl":{"start":{"line":22,"column":2},"end":{"line":null,"column":-1}},"loc":{"start":{"line":22,"column":2},"end":{"line":24,"column":3}}},"2":{"name":"(anonymous_3)","decl":{"start":{"line":26,"column":2},"end":{"line":26,"column":26}},"loc":{"start":{"line":26,"column":48},"end":{"line":29,"column":3}}},"3":{"name":"(anonymous_4)","decl":{"start":{"line":30,"column":2},"end":{"line":null,"column":-1}},"loc":{"start":{"line":30,"column":2},"end":{"line":39,"column":3}}},"4":{"name":"(anonymous_5)","decl":{"start":{"line":35,"column":10},"end":{"line":35,"column":10}},"loc":{"start":{"line":35,"column":35},"end":{"line":35,"column":113}}},"5":{"name":"(anonymous_6)","decl":{"start":{"line":43,"column":2},"end":{"line":43,"column":2}},"loc":{"start":{"line":43,"column":28},"end":{"line":54,"column":3}}}},"branchMap":{"0":{"loc":{"start":{"line":19,"column":0},"end":{"line":40,"column":0}},"type":"binary-expr","locations":[{"start":{"line":19,"column":0},"end":{"line":40,"column":0}},{"start":{"line":19,"column":0},"end":{"line":40,"column":0}},{"start":{"line":19,"column":0},"end":{"line":40,"column":0}}]},"1":{"loc":{"start":{"line":34,"column":28},"end":{"line":36,"column":9}},"type":"cond-expr","locations":[{"start":{"line":34,"column":28},"end":{"line":36,"column":9}},{"start":{"line":36,"column":12},"end":{"line":36,"column":16}}]},"2":{"loc":{"start":{"line":44,"column":48},"end":{"line":44,"column":61}},"type":"cond-expr","locations":[{"start":{"line":44,"column":48},"end":{"line":44,"column":61}},{"start":{"line":44,"column":64},"end":{"line":44,"column":66}}]},"3":{"loc":{"start":{"line":45,"column":57},"end":{"line":45,"column":72}},"type":"cond-expr","locations":[{"start":{"line":45,"column":57},"end":{"line":45,"column":72}},{"start":{"line":45,"column":75},"end":{"line":45,"column":79}}]},"4":{"loc":{"start":{"line":48,"column":41},"end":{"line":48,"column":61}},"type":"cond-expr","locations":[{"start":{"line":48,"column":41},"end":{"line":48,"column":61}},{"start":{"line":48,"column":64},"end":{"line":48,"column":81}}]},"5":{"loc":{"start":{"line":49,"column":61},"end":{"line":49,"column":86}},"type":"cond-expr","locations":[{"start":{"line":49,"column":61},"end":{"line":49,"column":86}},{"start":{"line":49,"column":89},"end":{"line":49,"column":103}}]},"6":{"loc":{"start":{"line":49,"column":15},"end":{"line":49,"column":29}},"type":"binary-expr","locations":[{"start":{"line":49,"column":15},"end":{"line":49,"column":29}},{"start":{"line":49,"column":33},"end":{"line":49,"column":58}}]},"7":{"loc":{"start":{"line":51,"column":10},"end":{"line":51,"column":41}},"type":"cond-expr","locations":[{"start":{"line":51,"column":10},"end":{"line":51,"column":41}},{"start":{"line":51,"column":44},"end":{"line":51,"column":63}}]},"8":{"loc":{"start":{"line":50,"column":20},"end":{"line":50,"column":34}},"type":"binary-expr","locations":[{"start":{"line":50,"column":20},"end":{"line":50,"column":34}},{"start":{"line":50,"column":38},"end":{"line":50,"column":69}}]}},"s":{"0":1,"1":1,"2":1,"3":1,"4":1,"5":1,"6":1,"7":1,"8":0,"9":0,"10":1,"11":1,"12":0,"13":1,"14":1,"15":0,"16":0,"17":0},"f":{"0":2,"1":1,"2":0,"3":1,"4":0,"5":0},"b":{"0":[1,1,1],"1":[0,1],"2":[0,0],"3":[0,0],"4":[0,0],"5":[0,0],"6":[0,0],"7":[0,0],"8":[0,0]}}
,"C:\\Users\\kovalchuk\\projects\\react-app\\src\\shared\\components\\Pages\\LoginPage\\index.tsx": {"path":"C:\\Users\\kovalchuk\\projects\\react-app\\src\\shared\\components\\Pages\\LoginPage\\index.tsx","statementMap":{"0":{"start":{"line":29,"column":0},"end":{"line":29,"column":50}},"1":{"start":{"line":29,"column":35},"end":{"line":29,"column":82}},"2":{"start":{"line":29,"column":0},"end":{"line":74,"column":0}},"3":{"start":{"line":30,"column":9},"end":{"line":32,"column":4}},"4":{"start":{"line":38,"column":9},"end":{"line":40,"column":3}},"5":{"start":{"line":39,"column":4},"end":{"line":39,"column":47}},"6":{"start":{"line":42,"column":9},"end":{"line":44,"column":3}},"7":{"start":{"line":43,"column":4},"end":{"line":43,"column":54}},"8":{"start":{"line":34,"column":9},"end":{"line":36,"column":3}},"9":{"start":{"line":35,"column":4},"end":{"line":35,"column":28}},"10":{"start":{"line":47,"column":9},"end":{"line":73,"column":3}},"11":{"start":{"line":48,"column":10},"end":{"line":48,"column":45}},"12":{"start":{"line":48,"column":12},"end":{"line":48,"column":19}},"13":{"start":{"line":48,"column":21},"end":{"line":48,"column":30}},"14":{"start":{"line":50,"column":4},"end":{"line":72,"column":6}},"15":{"start":{"line":74,"column":0},"end":{"line":74,"column":1}},"16":{"start":{"line":76,"column":18},"end":{"line":76,"column":51}},"17":{"start":{"line":78,"column":30},"end":{"line":91,"column":12}},"18":{"start":{"line":80,"column":36},"end":{"line":80,"column":70}},"19":{"start":{"line":81,"column":41},"end":{"line":81,"column":83}},"20":{"start":{"line":82,"column":4},"end":{"line":89,"column":6}}},"fnMap":{"0":{"name":"(anonymous_0)","decl":{"start":{"line":29,"column":0},"end":{"line":null,"column":-1}},"loc":{"start":{"line":29,"column":0},"end":{"line":29,"column":-1}}},"1":{"name":"(anonymous_2)","decl":{"start":{"line":38,"column":33},"end":{"line":38,"column":33}},"loc":{"start":{"line":38,"column":43},"end":{"line":40,"column":3}}},"2":{"name":"(anonymous_3)","decl":{"start":{"line":42,"column":36},"end":{"line":42,"column":36}},"loc":{"start":{"line":42,"column":46},"end":{"line":44,"column":3}}},"3":{"name":"(anonymous_4)","decl":{"start":{"line":34,"column":2},"end":{"line":null,"column":-1}},"loc":{"start":{"line":34,"column":2},"end":{"line":36,"column":3}}},"4":{"name":"(anonymous_5)","decl":{"start":{"line":47,"column":2},"end":{"line":null,"column":-1}},"loc":{"start":{"line":47,"column":2},"end":{"line":73,"column":3}}},"5":{"name":"(anonymous_6)","decl":{"start":{"line":79,"column":2},"end":{"line":79,"column":2}},"loc":{"start":{"line":79,"column":28},"end":{"line":90,"column":3}}}},"branchMap":{"0":{"loc":{"start":{"line":29,"column":0},"end":{"line":74,"column":0}},"type":"binary-expr","locations":[{"start":{"line":29,"column":0},"end":{"line":74,"column":0}},{"start":{"line":29,"column":0},"end":{"line":74,"column":0}},{"start":{"line":29,"column":0},"end":{"line":74,"column":0}}]},"1":{"loc":{"start":{"line":80,"column":52},"end":{"line":80,"column":65}},"type":"cond-expr","locations":[{"start":{"line":80,"column":52},"end":{"line":80,"column":65}},{"start":{"line":80,"column":68},"end":{"line":80,"column":70}}]},"2":{"loc":{"start":{"line":81,"column":60},"end":{"line":81,"column":76}},"type":"cond-expr","locations":[{"start":{"line":81,"column":60},"end":{"line":81,"column":76}},{"start":{"line":81,"column":79},"end":{"line":81,"column":83}}]},"3":{"loc":{"start":{"line":84,"column":41},"end":{"line":84,"column":61}},"type":"cond-expr","locations":[{"start":{"line":84,"column":41},"end":{"line":84,"column":61}},{"start":{"line":84,"column":64},"end":{"line":84,"column":81}}]},"4":{"loc":{"start":{"line":85,"column":69},"end":{"line":85,"column":98}},"type":"cond-expr","locations":[{"start":{"line":85,"column":69},"end":{"line":85,"column":98}},{"start":{"line":85,"column":101},"end":{"line":85,"column":118}}]},"5":{"loc":{"start":{"line":85,"column":18},"end":{"line":85,"column":33}},"type":"binary-expr","locations":[{"start":{"line":85,"column":18},"end":{"line":85,"column":33}},{"start":{"line":85,"column":37},"end":{"line":85,"column":66}}]},"6":{"loc":{"start":{"line":86,"column":65},"end":{"line":86,"column":92}},"type":"cond-expr","locations":[{"start":{"line":86,"column":65},"end":{"line":86,"column":92}},{"start":{"line":86,"column":95},"end":{"line":86,"column":110}}]},"7":{"loc":{"start":{"line":86,"column":16},"end":{"line":86,"column":31}},"type":"binary-expr","locations":[{"start":{"line":86,"column":16},"end":{"line":86,"column":31}},{"start":{"line":86,"column":35},"end":{"line":86,"column":62}}]},"8":{"loc":{"start":{"line":87,"column":64},"end":{"line":87,"column":87}},"type":"cond-expr","locations":[{"start":{"line":87,"column":64},"end":{"line":87,"column":87}},{"start":{"line":87,"column":90},"end":{"line":87,"column":106}}]},"9":{"loc":{"start":{"line":87,"column":19},"end":{"line":87,"column":34}},"type":"binary-expr","locations":[{"start":{"line":87,"column":19},"end":{"line":87,"column":34}},{"start":{"line":87,"column":38},"end":{"line":87,"column":61}}]}},"s":{"0":2,"1":2,"2":3,"3":3,"4":3,"5":0,"6":3,"7":0,"8":2,"9":3,"10":2,"11":3,"12":3,"13":3,"14":3,"15":2,"16":2,"17":2,"18":0,"19":0,"20":0},"f":{"0":5,"1":0,"2":0,"3":3,"4":3,"5":0},"b":{"0":[3,3,3],"1":[0,0],"2":[0,0],"3":[0,0],"4":[0,0],"5":[0,0],"6":[0,0],"7":[0,0],"8":[0,0],"9":[0,0]}}
,"C:\\Users\\kovalchuk\\projects\\react-app\\src\\shared\\components\\Pages\\LoginPage\\styles.tsx": {"path":"C:\\Users\\kovalchuk\\projects\\react-app\\src\\shared\\components\\Pages\\LoginPage\\styles.tsx","statementMap":{"0":{"start":{"line":4,"column":22},"end":{"line":13,"column":2}},"1":{"start":{"line":4,"column":40},"end":{"line":13,"column":2}},"2":{"start":{"line":16,"column":26},"end":{"line":38,"column":2}},"3":{"start":{"line":16,"column":44},"end":{"line":38,"column":2}}},"fnMap":{"0":{"name":"(anonymous_0)","decl":{"start":{"line":4,"column":22},"end":{"line":4,"column":22}},"loc":{"start":{"line":4,"column":35},"end":{"line":13,"column":2}}},"1":{"name":"(anonymous_1)","decl":{"start":{"line":16,"column":26},"end":{"line":16,"column":26}},"loc":{"start":{"line":16,"column":39},"end":{"line":38,"column":2}}}},"branchMap":{},"s":{"0":4,"1":0,"2":4,"3":0},"f":{"0":0,"1":0},"b":{}}
,"C:\\Users\\kovalchuk\\projects\\react-app\\src\\shared\\components\\Pages\\LoginPage\\LoginForm\\index.tsx": {"path":"C:\\Users\\kovalchuk\\projects\\react-app\\src\\shared\\components\\Pages\\LoginPage\\LoginForm\\index.tsx","statementMap":{"0":{"start":{"line":20,"column":0},"end":{"line":20,"column":50}},"1":{"start":{"line":20,"column":35},"end":{"line":20,"column":82}},"2":{"start":{"line":20,"column":0},"end":{"line":101,"column":0}},"3":{"start":{"line":22,"column":9},"end":{"line":27,"column":4}},"4":{"start":{"line":29,"column":9},"end":{"line":39,"column":3}},"5":{"start":{"line":30,"column":4},"end":{"line":30,"column":27}},"6":{"start":{"line":31,"column":4},"end":{"line":33,"column":5}},"7":{"start":{"line":32,"column":6},"end":{"line":32,"column":18}},"8":{"start":{"line":34,"column":20},"end":{"line":37,"column":5}},"9":{"start":{"line":38,"column":4},"end":{"line":38,"column":37}},"10":{"start":{"line":41,"column":9},"end":{"line":45,"column":3}},"11":{"start":{"line":41,"column":42},"end":{"line":45,"column":3}},"12":{"start":{"line":42,"column":4},"end":{"line":44,"column":7}},"13":{"start":{"line":47,"column":9},"end":{"line":100,"column":3}},"14":{"start":{"line":48,"column":11},"end":{"line":48,"column":18}},"15":{"start":{"line":49,"column":4},"end":{"line":99,"column":6}},"16":{"start":{"line":101,"column":0},"end":{"line":101,"column":1}},"17":{"start":{"line":103,"column":25},"end":{"line":103,"column":62}}},"fnMap":{"0":{"name":"(anonymous_0)","decl":{"start":{"line":20,"column":0},"end":{"line":null,"column":-1}},"loc":{"start":{"line":20,"column":0},"end":{"line":20,"column":-1}}},"1":{"name":"(anonymous_2)","decl":{"start":{"line":29,"column":24},"end":{"line":29,"column":24}},"loc":{"start":{"line":29,"column":35},"end":{"line":39,"column":3}}},"2":{"name":"(anonymous_3)","decl":{"start":{"line":41,"column":24},"end":{"line":41,"column":24}},"loc":{"start":{"line":41,"column":37},"end":{"line":45,"column":3}}},"3":{"name":"(anonymous_4)","decl":{"start":{"line":41,"column":42},"end":{"line":41,"column":42}},"loc":{"start":{"line":41,"column":53},"end":{"line":45,"column":3}}},"4":{"name":"(anonymous_5)","decl":{"start":{"line":47,"column":2},"end":{"line":null,"column":-1}},"loc":{"start":{"line":47,"column":2},"end":{"line":100,"column":3}}}},"branchMap":{"0":{"loc":{"start":{"line":20,"column":0},"end":{"line":101,"column":0}},"type":"binary-expr","locations":[{"start":{"line":20,"column":0},"end":{"line":101,"column":0}},{"start":{"line":20,"column":0},"end":{"line":101,"column":0}},{"start":{"line":20,"column":0},"end":{"line":101,"column":0}}]},"1":{"loc":{"start":{"line":31,"column":4},"end":{"line":33,"column":5}},"type":"if","locations":[{"start":{"line":31,"column":4},"end":{"line":33,"column":5}},{"start":{"line":31,"column":4},"end":{"line":33,"column":5}}]},"2":{"loc":{"start":{"line":31,"column":7},"end":{"line":31,"column":27}},"type":"binary-expr","locations":[{"start":{"line":31,"column":7},"end":{"line":31,"column":27}},{"start":{"line":31,"column":31},"end":{"line":31,"column":51}}]}},"s":{"0":3,"1":3,"2":4,"3":4,"4":4,"5":3,"6":3,"7":2,"8":1,"9":1,"10":4,"11":14,"12":0,"13":3,"14":7,"15":7,"16":3,"17":3},"f":{"0":7,"1":3,"2":14,"3":0,"4":7},"b":{"0":[4,4,4],"1":[2,1],"2":[3,1]}}
,"C:\\Users\\kovalchuk\\projects\\react-app\\src\\shared\\components\\Pages\\LoginPage\\RegisterForm\\index.tsx": {"path":"C:\\Users\\kovalchuk\\projects\\react-app\\src\\shared\\components\\Pages\\LoginPage\\RegisterForm\\index.tsx","statementMap":{"0":{"start":{"line":32,"column":0},"end":{"line":32,"column":53}},"1":{"start":{"line":32,"column":38},"end":{"line":32,"column":91}},"2":{"start":{"line":32,"column":0},"end":{"line":263,"column":0}},"3":{"start":{"line":34,"column":9},"end":{"line":42,"column":4}},"4":{"start":{"line":44,"column":10},"end":{"line":53,"column":4}},"5":{"start":{"line":55,"column":9},"end":{"line":63,"column":3}},"6":{"start":{"line":56,"column":4},"end":{"line":58,"column":5}},"7":{"start":{"line":57,"column":6},"end":{"line":57,"column":13}},"8":{"start":{"line":60,"column":4},"end":{"line":62,"column":7}},"9":{"start":{"line":65,"column":9},"end":{"line":69,"column":3}},"10":{"start":{"line":66,"column":4},"end":{"line":68,"column":7}},"11":{"start":{"line":71,"column":9},"end":{"line":76,"column":3}},"12":{"start":{"line":72,"column":10},"end":{"line":72,"column":45}},"13":{"start":{"line":72,"column":12},"end":{"line":72,"column":16}},"14":{"start":{"line":72,"column":18},"end":{"line":72,"column":23}},"15":{"start":{"line":73,"column":4},"end":{"line":75,"column":7}},"16":{"start":{"line":78,"column":9},"end":{"line":92,"column":3}},"17":{"start":{"line":79,"column":4},"end":{"line":79,"column":23}},"18":{"start":{"line":80,"column":4},"end":{"line":90,"column":5}},"19":{"start":{"line":89,"column":6},"end":{"line":89,"column":18}},"20":{"start":{"line":91,"column":4},"end":{"line":91,"column":40}},"21":{"start":{"line":94,"column":9},"end":{"line":262,"column":3}},"22":{"start":{"line":95,"column":12},"end":{"line":95,"column":19}},"23":{"start":{"line":97,"column":4},"end":{"line":261,"column":6}},"24":{"start":{"line":130,"column":58},"end":{"line":134,"column":13}},"25":{"start":{"line":263,"column":0},"end":{"line":263,"column":1}},"26":{"start":{"line":265,"column":28},"end":{"line":265,"column":68}}},"fnMap":{"0":{"name":"(anonymous_0)","decl":{"start":{"line":32,"column":0},"end":{"line":null,"column":-1}},"loc":{"start":{"line":32,"column":0},"end":{"line":32,"column":-1}}},"1":{"name":"(anonymous_2)","decl":{"start":{"line":55,"column":34},"end":{"line":55,"column":34}},"loc":{"start":{"line":55,"column":45},"end":{"line":63,"column":3}}},"2":{"name":"(anonymous_3)","decl":{"start":{"line":65,"column":33},"end":{"line":65,"column":33}},"loc":{"start":{"line":65,"column":74},"end":{"line":69,"column":3}}},"3":{"name":"(anonymous_4)","decl":{"start":{"line":71,"column":25},"end":{"line":71,"column":25}},"loc":{"start":{"line":71,"column":36},"end":{"line":76,"column":3}}},"4":{"name":"(anonymous_5)","decl":{"start":{"line":78,"column":28},"end":{"line":78,"column":28}},"loc":{"start":{"line":78,"column":35},"end":{"line":92,"column":3}}},"5":{"name":"(anonymous_6)","decl":{"start":{"line":94,"column":2},"end":{"line":null,"column":-1}},"loc":{"start":{"line":94,"column":2},"end":{"line":262,"column":3}}},"6":{"name":"(anonymous_7)","decl":{"start":{"line":130,"column":34},"end":{"line":130,"column":34}},"loc":{"start":{"line":130,"column":53},"end":{"line":134,"column":13}}}},"branchMap":{"0":{"loc":{"start":{"line":32,"column":0},"end":{"line":263,"column":0}},"type":"binary-expr","locations":[{"start":{"line":32,"column":0},"end":{"line":263,"column":0}},{"start":{"line":32,"column":0},"end":{"line":263,"column":0}},{"start":{"line":32,"column":0},"end":{"line":263,"column":0}}]},"1":{"loc":{"start":{"line":56,"column":4},"end":{"line":58,"column":5}},"type":"if","locations":[{"start":{"line":56,"column":4},"end":{"line":58,"column":5}},{"start":{"line":56,"column":4},"end":{"line":58,"column":5}}]},"2":{"loc":{"start":{"line":80,"column":4},"end":{"line":90,"column":5}},"type":"if","locations":[{"start":{"line":80,"column":4},"end":{"line":90,"column":5}},{"start":{"line":80,"column":4},"end":{"line":90,"column":5}}]},"3":{"loc":{"start":{"line":81,"column":6},"end":{"line":81,"column":28}},"type":"binary-expr","locations":[{"start":{"line":81,"column":6},"end":{"line":81,"column":28}},{"start":{"line":82,"column":9},"end":{"line":82,"column":30}},{"start":{"line":83,"column":9},"end":{"line":83,"column":29}},{"start":{"line":84,"column":9},"end":{"line":84,"column":26}},{"start":{"line":85,"column":9},"end":{"line":85,"column":29}},{"start":{"line":86,"column":9},"end":{"line":86,"column":41}},{"start":{"line":87,"column":9},"end":{"line":87,"column":34}}]}},"s":{"0":3,"1":3,"2":10,"3":10,"4":10,"5":10,"6":1,"7":0,"8":1,"9":10,"10":0,"11":10,"12":0,"13":0,"14":0,"15":0,"16":10,"17":8,"18":8,"19":7,"20":1,"21":3,"22":19,"23":19,"24":38,"25":3,"26":3},"f":{"0":13,"1":1,"2":0,"3":0,"4":8,"5":19,"6":38},"b":{"0":[10,10,10],"1":[0,1],"2":[7,1],"3":[8,7,6,5,4,3,2]}}
,"C:\\Users\\kovalchuk\\projects\\react-app\\src\\shared\\components\\Pages\\NotFound\\index.tsx": {"path":"C:\\Users\\kovalchuk\\projects\\react-app\\src\\shared\\components\\Pages\\NotFound\\index.tsx","statementMap":{"0":{"start":{"line":4,"column":14},"end":{"line":4,"column":31}},"1":{"start":{"line":6,"column":0},"end":{"line":6,"column":49}},"2":{"start":{"line":6,"column":30},"end":{"line":6,"column":59}},"3":{"start":{"line":6,"column":0},"end":{"line":19,"column":0}},"4":{"start":{"line":7,"column":9},"end":{"line":7,"column":42}},"5":{"start":{"line":8,"column":9},"end":{"line":11,"column":3}},"6":{"start":{"line":9,"column":4},"end":{"line":9,"column":63}},"7":{"start":{"line":10,"column":4},"end":{"line":10,"column":61}},"8":{"start":{"line":12,"column":9},"end":{"line":18,"column":3}},"9":{"start":{"line":13,"column":4},"end":{"line":17,"column":6}},"10":{"start":{"line":19,"column":0},"end":{"line":19,"column":1}}},"fnMap":{"0":{"name":"(anonymous_0)","decl":{"start":{"line":6,"column":0},"end":{"line":null,"column":-1}},"loc":{"start":{"line":6,"column":0},"end":{"line":6,"column":-1}}},"1":{"name":"(anonymous_2)","decl":{"start":{"line":8,"column":2},"end":{"line":8,"column":26}},"loc":{"start":{"line":8,"column":48},"end":{"line":11,"column":3}}},"2":{"name":"(anonymous_3)","decl":{"start":{"line":12,"column":2},"end":{"line":null,"column":-1}},"loc":{"start":{"line":12,"column":2},"end":{"line":18,"column":3}}}},"branchMap":{"0":{"loc":{"start":{"line":6,"column":0},"end":{"line":19,"column":0}},"type":"binary-expr","locations":[{"start":{"line":6,"column":0},"end":{"line":19,"column":0}},{"start":{"line":6,"column":0},"end":{"line":19,"column":0}},{"start":{"line":6,"column":0},"end":{"line":19,"column":0}}]},"1":{"loc":{"start":{"line":15,"column":24},"end":{"line":15,"column":44}},"type":"binary-expr","locations":[{"start":{"line":15,"column":24},"end":{"line":15,"column":44}},{"start":{"line":15,"column":48},"end":{"line":15,"column":50}}]}},"s":{"0":1,"1":1,"2":1,"3":1,"4":1,"5":1,"6":0,"7":0,"8":1,"9":1,"10":1},"f":{"0":2,"1":0,"2":1},"b":{"0":[1,1,1],"1":[1,0]}}
,"C:\\Users\\kovalchuk\\projects\\react-app\\src\\shared\\components\\Pages\\SearchPage\\fixture.ts": {"path":"C:\\Users\\kovalchuk\\projects\\react-app\\src\\shared\\components\\Pages\\SearchPage\\fixture.ts","statementMap":{"0":{"start":{"line":2,"column":33},"end":{"line":2,"column":52}},"1":{"start":{"line":4,"column":28},"end":{"line":115,"column":1}},"2":{"start":{"line":117,"column":37},"end":{"line":344,"column":1}}},"fnMap":{},"branchMap":{},"s":{"0":2,"1":2,"2":2},"f":{},"b":{}}
,"C:\\Users\\kovalchuk\\projects\\react-app\\src\\shared\\components\\Pages\\SearchPage\\index.tsx": {"path":"C:\\Users\\kovalchuk\\projects\\react-app\\src\\shared\\components\\Pages\\SearchPage\\index.tsx","statementMap":{"0":{"start":{"line":26,"column":25},"end":{"line":26,"column":46}},"1":{"start":{"line":28,"column":0},"end":{"line":28,"column":51}},"2":{"start":{"line":28,"column":36},"end":{"line":28,"column":85}},"3":{"start":{"line":28,"column":0},"end":{"line":94,"column":0}},"4":{"start":{"line":30,"column":9},"end":{"line":32,"column":4}},"5":{"start":{"line":34,"column":9},"end":{"line":93,"column":3}},"6":{"start":{"line":35,"column":10},"end":{"line":35,"column":61}},"7":{"start":{"line":35,"column":11},"end":{"line":35,"column":18}},"8":{"start":{"line":35,"column":20},"end":{"line":35,"column":25}},"9":{"start":{"line":35,"column":27},"end":{"line":35,"column":37}},"10":{"start":{"line":35,"column":39},"end":{"line":35,"column":47}},"11":{"start":{"line":38,"column":22},"end":{"line":38,"column":27}},"12":{"start":{"line":40,"column":4},"end":{"line":92,"column":6}},"13":{"start":{"line":67,"column":36},"end":{"line":79,"column":15}},"14":{"start":{"line":94,"column":0},"end":{"line":94,"column":1}},"15":{"start":{"line":96,"column":26},"end":{"line":96,"column":60}},"16":{"start":{"line":98,"column":35},"end":{"line":113,"column":13}},"17":{"start":{"line":100,"column":36},"end":{"line":100,"column":70}},"18":{"start":{"line":101,"column":41},"end":{"line":101,"column":83}},"19":{"start":{"line":102,"column":4},"end":{"line":111,"column":6}}},"fnMap":{"0":{"name":"(anonymous_0)","decl":{"start":{"line":28,"column":0},"end":{"line":null,"column":-1}},"loc":{"start":{"line":28,"column":0},"end":{"line":28,"column":-1}}},"1":{"name":"(anonymous_2)","decl":{"start":{"line":34,"column":2},"end":{"line":null,"column":-1}},"loc":{"start":{"line":34,"column":2},"end":{"line":93,"column":3}}},"2":{"name":"(anonymous_3)","decl":{"start":{"line":67,"column":26},"end":{"line":67,"column":26}},"loc":{"start":{"line":67,"column":31},"end":{"line":79,"column":15}}},"3":{"name":"(anonymous_4)","decl":{"start":{"line":99,"column":2},"end":{"line":99,"column":2}},"loc":{"start":{"line":99,"column":28},"end":{"line":112,"column":3}}}},"branchMap":{"0":{"loc":{"start":{"line":28,"column":0},"end":{"line":94,"column":0}},"type":"binary-expr","locations":[{"start":{"line":28,"column":0},"end":{"line":94,"column":0}},{"start":{"line":28,"column":0},"end":{"line":94,"column":0}},{"start":{"line":28,"column":0},"end":{"line":94,"column":0}}]},"1":{"loc":{"start":{"line":51,"column":16},"end":{"line":56,"column":29}},"type":"cond-expr","locations":[{"start":{"line":51,"column":16},"end":{"line":56,"column":29}},{"start":{"line":57,"column":16},"end":{"line":57,"column":20}}]},"2":{"loc":{"start":{"line":67,"column":16},"end":{"line":79,"column":16}},"type":"cond-expr","locations":[{"start":{"line":67,"column":16},"end":{"line":79,"column":16}},{"start":{"line":80,"column":16},"end":{"line":87,"column":24}}]},"3":{"loc":{"start":{"line":66,"column":15},"end":{"line":66,"column":20}},"type":"binary-expr","locations":[{"start":{"line":66,"column":15},"end":{"line":66,"column":20}},{"start":{"line":66,"column":24},"end":{"line":66,"column":40}}]},"4":{"loc":{"start":{"line":100,"column":52},"end":{"line":100,"column":65}},"type":"cond-expr","locations":[{"start":{"line":100,"column":52},"end":{"line":100,"column":65}},{"start":{"line":100,"column":68},"end":{"line":100,"column":70}}]},"5":{"loc":{"start":{"line":101,"column":60},"end":{"line":101,"column":76}},"type":"cond-expr","locations":[{"start":{"line":101,"column":60},"end":{"line":101,"column":76}},{"start":{"line":101,"column":79},"end":{"line":101,"column":83}}]},"6":{"loc":{"start":{"line":104,"column":41},"end":{"line":104,"column":61}},"type":"cond-expr","locations":[{"start":{"line":104,"column":41},"end":{"line":104,"column":61}},{"start":{"line":104,"column":64},"end":{"line":104,"column":81}}]},"7":{"loc":{"start":{"line":105,"column":63},"end":{"line":105,"column":89}},"type":"cond-expr","locations":[{"start":{"line":105,"column":63},"end":{"line":105,"column":89}},{"start":{"line":105,"column":92},"end":{"line":105,"column":106}}]},"8":{"loc":{"start":{"line":105,"column":15},"end":{"line":105,"column":30}},"type":"binary-expr","locations":[{"start":{"line":105,"column":15},"end":{"line":105,"column":30}},{"start":{"line":105,"column":34},"end":{"line":105,"column":60}}]},"9":{"loc":{"start":{"line":106,"column":73},"end":{"line":106,"column":104}},"type":"cond-expr","locations":[{"start":{"line":106,"column":73},"end":{"line":106,"column":104}},{"start":{"line":106,"column":107},"end":{"line":106,"column":126}}]},"10":{"loc":{"start":{"line":106,"column":20},"end":{"line":106,"column":35}},"type":"binary-expr","locations":[{"start":{"line":106,"column":20},"end":{"line":106,"column":35}},{"start":{"line":106,"column":39},"end":{"line":106,"column":70}}]},"11":{"loc":{"start":{"line":107,"column":69},"end":{"line":107,"column":98}},"type":"cond-expr","locations":[{"start":{"line":107,"column":69},"end":{"line":107,"column":98}},{"start":{"line":107,"column":101},"end":{"line":107,"column":118}}]},"12":{"loc":{"start":{"line":107,"column":18},"end":{"line":107,"column":33}},"type":"binary-expr","locations":[{"start":{"line":107,"column":18},"end":{"line":107,"column":33}},{"start":{"line":107,"column":37},"end":{"line":107,"column":66}}]},"13":{"loc":{"start":{"line":109,"column":64},"end":{"line":109,"column":87}},"type":"cond-expr","locations":[{"start":{"line":109,"column":64},"end":{"line":109,"column":87}},{"start":{"line":109,"column":90},"end":{"line":109,"column":106}}]},"14":{"loc":{"start":{"line":109,"column":19},"end":{"line":109,"column":34}},"type":"binary-expr","locations":[{"start":{"line":109,"column":19},"end":{"line":109,"column":34}},{"start":{"line":109,"column":38},"end":{"line":109,"column":61}}]}},"s":{"0":1,"1":1,"2":1,"3":5,"4":5,"5":1,"6":6,"7":6,"8":6,"9":6,"10":6,"11":6,"12":6,"13":50,"14":1,"15":1,"16":1,"17":0,"18":0,"19":0},"f":{"0":6,"1":6,"2":50,"3":0},"b":{"0":[5,5,5],"1":[6,0],"2":[5,1],"3":[6,5],"4":[0,0],"5":[0,0],"6":[0,0],"7":[0,0],"8":[0,0],"9":[0,0],"10":[0,0],"11":[0,0],"12":[0,0],"13":[0,0],"14":[0,0]}}
,"C:\\Users\\kovalchuk\\projects\\react-app\\src\\shared\\components\\Pages\\SearchPage\\styles.tsx": {"path":"C:\\Users\\kovalchuk\\projects\\react-app\\src\\shared\\components\\Pages\\SearchPage\\styles.tsx","statementMap":{"0":{"start":{"line":4,"column":22},"end":{"line":24,"column":2}},"1":{"start":{"line":4,"column":40},"end":{"line":24,"column":2}}},"fnMap":{"0":{"name":"(anonymous_0)","decl":{"start":{"line":4,"column":22},"end":{"line":4,"column":22}},"loc":{"start":{"line":4,"column":35},"end":{"line":24,"column":2}}}},"branchMap":{},"s":{"0":1,"1":0},"f":{"0":0},"b":{}}
,"C:\\Users\\kovalchuk\\projects\\react-app\\src\\shared\\constants\\ActionTypes\\Pages\\Home.ts": {"path":"C:\\Users\\kovalchuk\\projects\\react-app\\src\\shared\\constants\\ActionTypes\\Pages\\Home.ts","statementMap":{"0":{"start":{"line":1,"column":43},"end":{"line":1,"column":72}}},"fnMap":{},"branchMap":{},"s":{"0":4},"f":{},"b":{}}
,"C:\\Users\\kovalchuk\\projects\\react-app\\src\\shared\\constants\\ActionTypes\\Pages\\Login.ts": {"path":"C:\\Users\\kovalchuk\\projects\\react-app\\src\\shared\\constants\\ActionTypes\\Pages\\Login.ts","statementMap":{"0":{"start":{"line":1,"column":35},"end":{"line":1,"column":56}},"1":{"start":{"line":3,"column":39},"end":{"line":3,"column":64}}},"fnMap":{},"branchMap":{},"s":{"0":2,"1":2},"f":{},"b":{}}
,"C:\\Users\\kovalchuk\\projects\\react-app\\src\\shared\\constants\\ActionTypes\\Pages\\Search.ts": {"path":"C:\\Users\\kovalchuk\\projects\\react-app\\src\\shared\\constants\\ActionTypes\\Pages\\Search.ts","statementMap":{"0":{"start":{"line":1,"column":36},"end":{"line":1,"column":58}},"1":{"start":{"line":3,"column":42},"end":{"line":3,"column":70}},"2":{"start":{"line":5,"column":38},"end":{"line":5,"column":62}}},"fnMap":{},"branchMap":{},"s":{"0":2,"1":2,"2":2},"f":{},"b":{}}
,"C:\\Users\\kovalchuk\\projects\\react-app\\src\\shared\\lib\\redux-helper.ts": {"path":"C:\\Users\\kovalchuk\\projects\\react-app\\src\\shared\\lib\\redux-helper.ts","statementMap":{"0":{"start":{"line":5,"column":2},"end":{"line":7,"column":4}},"1":{"start":{"line":5,"column":26},"end":{"line":7,"column":3}}},"fnMap":{"0":{"name":"reduxify","decl":{"start":{"line":4,"column":6},"end":{"line":4,"column":24}},"loc":{"start":{"line":4,"column":114},"end":{"line":8,"column":1}}},"1":{"name":"(anonymous_1)","decl":{"start":{"line":5,"column":9},"end":{"line":5,"column":9}},"loc":{"start":{"line":5,"column":21},"end":{"line":7,"column":3}}}},"branchMap":{},"s":{"0":7,"1":7},"f":{"0":7,"1":7},"b":{}}
,"C:\\Users\\kovalchuk\\projects\\react-app\\src\\shared\\lib\\tests-helper.tsx": {"path":"C:\\Users\\kovalchuk\\projects\\react-app\\src\\shared\\lib\\tests-helper.tsx","statementMap":{"0":{"start":{"line":8,"column":33},"end":{"line":8,"column":82}},"1":{"start":{"line":8,"column":73},"end":{"line":8,"column":82}},"2":{"start":{"line":10,"column":31},"end":{"line":12,"column":1}},"3":{"start":{"line":11,"column":2},"end":{"line":11,"column":40}}},"fnMap":{"0":{"name":"(anonymous_0)","decl":{"start":{"line":8,"column":33},"end":{"line":8,"column":33}},"loc":{"start":{"line":8,"column":68},"end":{"line":8,"column":82}}},"1":{"name":"(anonymous_1)","decl":{"start":{"line":10,"column":31},"end":{"line":null,"column":-1}},"loc":{"start":{"line":10,"column":31},"end":{"line":12,"column":1}}}},"branchMap":{},"s":{"0":1,"1":1,"2":1,"3":0},"f":{"0":1,"1":0},"b":{}}
,"C:\\Users\\kovalchuk\\projects\\react-app\\src\\shared\\reducers\\Pages\\Home.ts": {"path":"C:\\Users\\kovalchuk\\projects\\react-app\\src\\shared\\reducers\\Pages\\Home.ts","statementMap":{"0":{"start":{"line":16,"column":40},"end":{"line":18,"column":1}},"1":{"start":{"line":21,"column":25},"end":{"line":59,"column":1}},"2":{"start":{"line":21,"column":35},"end":{"line":21,"column":67}},"3":{"start":{"line":22,"column":2},"end":{"line":58,"column":3}},"4":{"start":{"line":26,"column":6},"end":{"line":33,"column":8}},"5":{"start":{"line":37,"column":6},"end":{"line":44,"column":8}},"6":{"start":{"line":48,"column":6},"end":{"line":55,"column":8}},"7":{"start":{"line":57,"column":6},"end":{"line":57,"column":19}}},"fnMap":{"0":{"name":"(anonymous_0)","decl":{"start":{"line":21,"column":25},"end":{"line":21,"column":34}},"loc":{"start":{"line":21,"column":80},"end":{"line":59,"column":1}}}},"branchMap":{"0":{"loc":{"start":{"line":21,"column":35},"end":{"line":21,"column":67}},"type":"if","locations":[{"start":{"line":21,"column":35},"end":{"line":21,"column":67}},{"start":{"line":21,"column":35},"end":{"line":21,"column":67}}]},"1":{"loc":{"start":{"line":23,"column":4},"end":{"line":33,"column":8}},"type":"switch","locations":[{"start":{"line":23,"column":4},"end":{"line":33,"column":8}},{"start":{"line":34,"column":4},"end":{"line":44,"column":8}},{"start":{"line":45,"column":4},"end":{"line":55,"column":8}},{"start":{"line":56,"column":4},"end":{"line":57,"column":19}}]}},"s":{"0":1,"1":1,"2":5,"3":4,"4":1,"5":1,"6":1,"7":1},"f":{"0":4},"b":{"0":[1,3],"1":[1,1,1,1]}}
,"C:\\Users\\kovalchuk\\projects\\react-app\\src\\shared\\services\\Common\\Catalog.ts": {"path":"C:\\Users\\kovalchuk\\projects\\react-app\\src\\shared\\services\\Common\\Catalog.ts","statementMap":{"0":{"start":{"line":4,"column":0},"end":{"line":71,"column":0}},"1":{"start":{"line":5,"column":22},"end":{"line":36,"column":3}},"2":{"start":{"line":8,"column":28},"end":{"line":8,"column":94}},"3":{"start":{"line":8,"column":12},"end":{"line":8,"column":94}},"4":{"start":{"line":9,"column":6},"end":{"line":9,"column":29}},"5":{"start":{"line":11,"column":6},"end":{"line":25,"column":7}},"6":{"start":{"line":12,"column":8},"end":{"line":15,"column":11}},"7":{"start":{"line":16,"column":8},"end":{"line":16,"column":29}},"8":{"start":{"line":18,"column":8},"end":{"line":18,"column":58}},"9":{"start":{"line":19,"column":8},"end":{"line":22,"column":11}},"10":{"start":{"line":23,"column":8},"end":{"line":23,"column":58}},"11":{"start":{"line":24,"column":8},"end":{"line":24,"column":20}},"12":{"start":{"line":28,"column":6},"end":{"line":28,"column":45}},"13":{"start":{"line":29,"column":6},"end":{"line":32,"column":9}},"14":{"start":{"line":33,"column":6},"end":{"line":33,"column":48}},"15":{"start":{"line":34,"column":6},"end":{"line":34,"column":18}},"16":{"start":{"line":38,"column":22},"end":{"line":70,"column":3}},"17":{"start":{"line":41,"column":28},"end":{"line":41,"column":110}},"18":{"start":{"line":41,"column":12},"end":{"line":41,"column":110}},"19":{"start":{"line":42,"column":6},"end":{"line":42,"column":29}},"20":{"start":{"line":44,"column":6},"end":{"line":59,"column":7}},"21":{"start":{"line":45,"column":8},"end":{"line":49,"column":11}},"22":{"start":{"line":50,"column":8},"end":{"line":50,"column":29}},"23":{"start":{"line":52,"column":8},"end":{"line":52,"column":58}},"24":{"start":{"line":53,"column":8},"end":{"line":56,"column":11}},"25":{"start":{"line":57,"column":8},"end":{"line":57,"column":58}},"26":{"start":{"line":58,"column":8},"end":{"line":58,"column":20}},"27":{"start":{"line":62,"column":6},"end":{"line":62,"column":45}},"28":{"start":{"line":63,"column":6},"end":{"line":66,"column":9}},"29":{"start":{"line":67,"column":6},"end":{"line":67,"column":48}},"30":{"start":{"line":68,"column":6},"end":{"line":68,"column":18}},"31":{"start":{"line":71,"column":0},"end":{"line":71,"column":1}}},"fnMap":{"0":{"name":"(anonymous_0)","decl":{"start":{"line":4,"column":0},"end":{"line":null,"column":-1}},"loc":{"start":{"line":4,"column":0},"end":{"line":4,"column":-1}}},"1":{"name":"(anonymous_2)","decl":{"start":{"line":5,"column":2},"end":{"line":5,"column":35}},"loc":{"start":{"line":5,"column":88},"end":{"line":36,"column":3}}},"2":{"name":"(anonymous_5)","decl":{"start":{"line":38,"column":2},"end":{"line":38,"column":45}},"loc":{"start":{"line":38,"column":100},"end":{"line":70,"column":3}}}},"branchMap":{"0":{"loc":{"start":{"line":11,"column":6},"end":{"line":25,"column":7}},"type":"if","locations":[{"start":{"line":11,"column":6},"end":{"line":25,"column":7}},{"start":{"line":11,"column":6},"end":{"line":25,"column":7}}]},"1":{"loc":{"start":{"line":44,"column":6},"end":{"line":59,"column":7}},"type":"if","locations":[{"start":{"line":44,"column":6},"end":{"line":59,"column":7}},{"start":{"line":44,"column":6},"end":{"line":59,"column":7}}]}},"s":{"0":2,"1":2,"2":0,"3":0,"4":0,"5":0,"6":0,"7":0,"8":0,"9":0,"10":0,"11":0,"12":0,"13":0,"14":0,"15":0,"16":2,"17":0,"18":0,"19":0,"20":0,"21":0,"22":0,"23":0,"24":0,"25":0,"26":0,"27":0,"28":0,"29":0,"30":0,"31":2},"f":{"0":2,"1":0,"2":0},"b":{"0":[0,0],"1":[0,0]}}
,"C:\\Users\\kovalchuk\\projects\\react-app\\src\\shared\\services\\Pages\\Home.ts": {"path":"C:\\Users\\kovalchuk\\projects\\react-app\\src\\shared\\services\\Pages\\Home.ts","statementMap":{"0":{"start":{"line":4,"column":0},"end":{"line":25,"column":0}},"1":{"start":{"line":5,"column":22},"end":{"line":24,"column":3}},"2":{"start":{"line":6,"column":4},"end":{"line":23,"column":5}},"3":{"start":{"line":15,"column":6},"end":{"line":15,"column":18}},"4":{"start":{"line":17,"column":6},"end":{"line":17,"column":38}},"5":{"start":{"line":18,"column":6},"end":{"line":21,"column":9}},"6":{"start":{"line":22,"column":6},"end":{"line":22,"column":18}},"7":{"start":{"line":25,"column":0},"end":{"line":25,"column":1}}},"fnMap":{"0":{"name":"(anonymous_0)","decl":{"start":{"line":4,"column":0},"end":{"line":null,"column":-1}},"loc":{"start":{"line":4,"column":0},"end":{"line":4,"column":-1}}},"1":{"name":"(anonymous_2)","decl":{"start":{"line":5,"column":2},"end":{"line":5,"column":29}},"loc":{"start":{"line":5,"column":69},"end":{"line":24,"column":3}}}},"branchMap":{},"s":{"0":3,"1":3,"2":0,"3":0,"4":0,"5":0,"6":0,"7":3},"f":{"0":3,"1":0},"b":{}}
,"C:\\Users\\kovalchuk\\projects\\react-app\\src\\shared\\services\\Pages\\Login.ts": {"path":"C:\\Users\\kovalchuk\\projects\\react-app\\src\\shared\\services\\Pages\\Login.ts","statementMap":{"0":{"start":{"line":4,"column":0},"end":{"line":82,"column":0}},"1":{"start":{"line":5,"column":22},"end":{"line":41,"column":3}},"2":{"start":{"line":7,"column":12},"end":{"line":12,"column":8}},"3":{"start":{"line":13,"column":28},"end":{"line":13,"column":88}},"4":{"start":{"line":13,"column":12},"end":{"line":13,"column":88}},"5":{"start":{"line":14,"column":6},"end":{"line":14,"column":29}},"6":{"start":{"line":16,"column":6},"end":{"line":30,"column":7}},"7":{"start":{"line":17,"column":8},"end":{"line":20,"column":11}},"8":{"start":{"line":21,"column":8},"end":{"line":21,"column":29}},"9":{"start":{"line":23,"column":8},"end":{"line":23,"column":52}},"10":{"start":{"line":24,"column":8},"end":{"line":27,"column":11}},"11":{"start":{"line":28,"column":8},"end":{"line":28,"column":58}},"12":{"start":{"line":29,"column":8},"end":{"line":29,"column":20}},"13":{"start":{"line":33,"column":6},"end":{"line":33,"column":39}},"14":{"start":{"line":34,"column":6},"end":{"line":37,"column":9}},"15":{"start":{"line":38,"column":6},"end":{"line":38,"column":48}},"16":{"start":{"line":39,"column":6},"end":{"line":39,"column":18}},"17":{"start":{"line":43,"column":22},"end":{"line":81,"column":3}},"18":{"start":{"line":45,"column":12},"end":{"line":50,"column":8}},"19":{"start":{"line":52,"column":28},"end":{"line":52,"column":92}},"20":{"start":{"line":52,"column":12},"end":{"line":52,"column":92}},"21":{"start":{"line":53,"column":6},"end":{"line":53,"column":52}},"22":{"start":{"line":55,"column":6},"end":{"line":70,"column":7}},"23":{"start":{"line":56,"column":8},"end":{"line":59,"column":11}},"24":{"start":{"line":60,"column":8},"end":{"line":60,"column":41}},"25":{"start":{"line":61,"column":8},"end":{"line":61,"column":29}},"26":{"start":{"line":63,"column":8},"end":{"line":63,"column":49}},"27":{"start":{"line":64,"column":8},"end":{"line":67,"column":11}},"28":{"start":{"line":68,"column":8},"end":{"line":68,"column":58}},"29":{"start":{"line":69,"column":8},"end":{"line":69,"column":20}},"30":{"start":{"line":73,"column":6},"end":{"line":73,"column":36}},"31":{"start":{"line":74,"column":6},"end":{"line":77,"column":9}},"32":{"start":{"line":78,"column":6},"end":{"line":78,"column":48}},"33":{"start":{"line":79,"column":6},"end":{"line":79,"column":18}},"34":{"start":{"line":82,"column":0},"end":{"line":82,"column":1}}},"fnMap":{"0":{"name":"(anonymous_0)","decl":{"start":{"line":4,"column":0},"end":{"line":null,"column":-1}},"loc":{"start":{"line":4,"column":0},"end":{"line":4,"column":-1}}},"1":{"name":"(anonymous_2)","decl":{"start":{"line":5,"column":2},"end":{"line":5,"column":30}},"loc":{"start":{"line":5,"column":84},"end":{"line":41,"column":3}}},"2":{"name":"(anonymous_5)","decl":{"start":{"line":43,"column":2},"end":{"line":43,"column":34}},"loc":{"start":{"line":43,"column":88},"end":{"line":81,"column":3}}}},"branchMap":{"0":{"loc":{"start":{"line":16,"column":6},"end":{"line":30,"column":7}},"type":"if","locations":[{"start":{"line":16,"column":6},"end":{"line":30,"column":7}},{"start":{"line":16,"column":6},"end":{"line":30,"column":7}}]},"1":{"loc":{"start":{"line":55,"column":6},"end":{"line":70,"column":7}},"type":"if","locations":[{"start":{"line":55,"column":6},"end":{"line":70,"column":7}},{"start":{"line":55,"column":6},"end":{"line":70,"column":7}}]}},"s":{"0":2,"1":2,"2":0,"3":0,"4":0,"5":0,"6":0,"7":0,"8":0,"9":0,"10":0,"11":0,"12":0,"13":0,"14":0,"15":0,"16":0,"17":2,"18":0,"19":0,"20":0,"21":0,"22":0,"23":0,"24":0,"25":0,"26":0,"27":0,"28":0,"29":0,"30":0,"31":0,"32":0,"33":0,"34":2},"f":{"0":2,"1":0,"2":0},"b":{"0":[0,0],"1":[0,0]}}
,"C:\\Users\\kovalchuk\\projects\\react-app\\src\\shared\\services\\api\\index.ts": {"path":"C:\\Users\\kovalchuk\\projects\\react-app\\src\\shared\\services\\api\\index.ts","statementMap":{"0":{"start":{"line":4,"column":12},"end":{"line":10,"column":2}}},"fnMap":{},"branchMap":{},"s":{"0":4},"f":{},"b":{}}
,"C:\\Users\\kovalchuk\\projects\\react-app\\src\\shared\\services\\priceFormatter\\index.tsx": {"path":"C:\\Users\\kovalchuk\\projects\\react-app\\src\\shared\\services\\priceFormatter\\index.tsx","statementMap":{"0":{"start":{"line":2,"column":33},"end":{"line":10,"column":1}},"1":{"start":{"line":2,"column":49},"end":{"line":2,"column":73}},"2":{"start":{"line":2,"column":75},"end":{"line":2,"column":99}},"3":{"start":{"line":3,"column":20},"end":{"line":7,"column":4}},"4":{"start":{"line":9,"column":2},"end":{"line":9,"column":33}}},"fnMap":{"0":{"name":"(anonymous_0)","decl":{"start":{"line":2,"column":33},"end":{"line":2,"column":33}},"loc":{"start":{"line":2,"column":99},"end":{"line":10,"column":1}}}},"branchMap":{"0":{"loc":{"start":{"line":2,"column":49},"end":{"line":2,"column":73}},"type":"if","locations":[{"start":{"line":2,"column":49},"end":{"line":2,"column":73}},{"start":{"line":2,"column":49},"end":{"line":2,"column":73}}]},"1":{"loc":{"start":{"line":2,"column":75},"end":{"line":2,"column":99}},"type":"if","locations":[{"start":{"line":2,"column":75},"end":{"line":2,"column":99}},{"start":{"line":2,"column":75},"end":{"line":2,"column":99}}]}},"s":{"0":2,"1":6,"2":12,"3":6,"4":6},"f":{"0":6},"b":{"0":[0,6],"1":[6,0]}}
,"C:\\Users\\kovalchuk\\projects\\react-app\\test\\test-setup.js": {"path":"C:\\Users\\kovalchuk\\projects\\react-app\\test\\test-setup.js","statementMap":{"0":{"start":{"line":7,"column":15},"end":{"line":7,"column":32}},"1":{"start":{"line":8,"column":16},"end":{"line":8,"column":50}},"2":{"start":{"line":10,"column":0},"end":{"line":10,"column":45}}},"fnMap":{},"branchMap":{},"s":{"0":15,"1":15,"2":15},"f":{},"b":{},"_coverageSchema":"332fd63041d2c1bcb487cc26dd0d5f7d97098a6c","hash":"275ffad0fd503baf64fbfa820b3d90948c800ca6"}
,"C:\\Users\\kovalchuk\\projects\\react-app\\test\\test-shim.js": {"path":"C:\\Users\\kovalchuk\\projects\\react-app\\test\\test-shim.js","statementMap":{"0":{"start":{"line":7,"column":0},"end":{"line":9,"column":2}},"1":{"start":{"line":8,"column":2},"end":{"line":8,"column":26}}},"fnMap":{"0":{"name":"(anonymous_0)","decl":{"start":{"line":7,"column":31},"end":{"line":7,"column":32}},"loc":{"start":{"line":7,"column":50},"end":{"line":9,"column":1}},"line":7}},"branchMap":{},"s":{"0":15,"1":0},"f":{"0":0},"b":{},"_coverageSchema":"332fd63041d2c1bcb487cc26dd0d5f7d97098a6c","hash":"4c326d23ff54ff1e2d385b8f56c0d19616701c9e"}
}
