{"C:\\Users\\kovalchuk\\projects\\react-app\\src\\shared\\config.ts": {"path":"C:\\Users\\kovalchuk\\projects\\react-app\\src\\shared\\config.ts","statementMap":{"0":{"start":{"line":1,"column":22},"end":{"line":7,"column":1}}},"fnMap":{},"branchMap":{"0":{"loc":{"start":{"line":2,"column":43},"end":{"line":2,"column":72}},"type":"cond-expr","locations":[{"start":{"line":2,"column":43},"end":{"line":2,"column":72}},{"start":{"line":2,"column":75},"end":{"line":2,"column":81}}]},"1":{"loc":{"start":{"line":3,"column":35},"end":{"line":3,"column":60}},"type":"cond-expr","locations":[{"start":{"line":3,"column":35},"end":{"line":3,"column":60}},{"start":{"line":3,"column":63},"end":{"line":3,"column":74}}]},"2":{"loc":{"start":{"line":4,"column":35},"end":{"line":4,"column":60}},"type":"cond-expr","locations":[{"start":{"line":4,"column":35},"end":{"line":4,"column":60}},{"start":{"line":4,"column":63},"end":{"line":4,"column":69}}]},"3":{"loc":{"start":{"line":5,"column":35},"end":{"line":5,"column":60}},"type":"cond-expr","locations":[{"start":{"line":5,"column":35},"end":{"line":5,"column":60}},{"start":{"line":5,"column":63},"end":{"line":5,"column":70}}]},"4":{"loc":{"start":{"line":6,"column":33},"end":{"line":6,"column":57}},"type":"cond-expr","locations":[{"start":{"line":6,"column":33},"end":{"line":6,"column":57}},{"start":{"line":6,"column":60},"end":{"line":6,"column":88}}]}},"s":{"0":2},"f":{},"b":{"0":[0,2],"1":[0,2],"2":[0,2],"3":[0,2],"4":[0,2]}}
,"C:\\Users\\kovalchuk\\projects\\react-app\\src\\shared\\actions\\Pages\\Home.ts": {"path":"C:\\Users\\kovalchuk\\projects\\react-app\\src\\shared\\actions\\Pages\\Home.ts","statementMap":{"0":{"start":{"line":7,"column":38},"end":{"line":10,"column":1}},"1":{"start":{"line":12,"column":29},"end":{"line":17,"column":1}},"2":{"start":{"line":13,"column":2},"end":{"line":16,"column":4}},"3":{"start":{"line":14,"column":4},"end":{"line":14,"column":68}},"4":{"start":{"line":15,"column":4},"end":{"line":15,"column":37}}},"fnMap":{"0":{"name":"(anonymous_0)","decl":{"start":{"line":12,"column":29},"end":{"line":null,"column":-1}},"loc":{"start":{"line":12,"column":29},"end":{"line":17,"column":1}}},"1":{"name":"(anonymous_1)","decl":{"start":{"line":13,"column":9},"end":{"line":13,"column":9}},"loc":{"start":{"line":13,"column":48},"end":{"line":16,"column":3}}}},"branchMap":{},"s":{"0":2,"1":2,"2":2,"3":1,"4":1},"f":{"0":2,"1":1},"b":{}}
,"C:\\Users\\kovalchuk\\projects\\react-app\\src\\shared\\components\\Pages\\Home\\index.tsx": {"path":"C:\\Users\\kovalchuk\\projects\\react-app\\src\\shared\\components\\Pages\\Home\\index.tsx","statementMap":{"0":{"start":{"line":9,"column":21},"end":{"line":9,"column":27}},"1":{"start":{"line":19,"column":0},"end":{"line":19,"column":45}},"2":{"start":{"line":19,"column":26},"end":{"line":19,"column":58}},"3":{"start":{"line":19,"column":0},"end":{"line":40,"column":0}},"4":{"start":{"line":20,"column":9},"end":{"line":20,"column":38}},"5":{"start":{"line":22,"column":9},"end":{"line":24,"column":3}},"6":{"start":{"line":23,"column":4},"end":{"line":23,"column":41}},"7":{"start":{"line":26,"column":9},"end":{"line":29,"column":3}},"8":{"start":{"line":27,"column":4},"end":{"line":27,"column":59}},"9":{"start":{"line":28,"column":4},"end":{"line":28,"column":57}},"10":{"start":{"line":30,"column":9},"end":{"line":39,"column":3}},"11":{"start":{"line":31,"column":4},"end":{"line":38,"column":6}},"12":{"start":{"line":35,"column":40},"end":{"line":35,"column":113}},"13":{"start":{"line":40,"column":0},"end":{"line":40,"column":1}},"14":{"start":{"line":42,"column":29},"end":{"line":55,"column":7}},"15":{"start":{"line":44,"column":32},"end":{"line":44,"column":66}},"16":{"start":{"line":45,"column":39},"end":{"line":45,"column":79}},"17":{"start":{"line":46,"column":4},"end":{"line":53,"column":6}}},"fnMap":{"0":{"name":"(anonymous_0)","decl":{"start":{"line":19,"column":0},"end":{"line":null,"column":-1}},"loc":{"start":{"line":19,"column":0},"end":{"line":19,"column":-1}}},"1":{"name":"(anonymous_2)","decl":{"start":{"line":22,"column":2},"end":{"line":null,"column":-1}},"loc":{"start":{"line":22,"column":2},"end":{"line":24,"column":3}}},"2":{"name":"(anonymous_3)","decl":{"start":{"line":26,"column":2},"end":{"line":26,"column":26}},"loc":{"start":{"line":26,"column":48},"end":{"line":29,"column":3}}},"3":{"name":"(anonymous_4)","decl":{"start":{"line":30,"column":2},"end":{"line":null,"column":-1}},"loc":{"start":{"line":30,"column":2},"end":{"line":39,"column":3}}},"4":{"name":"(anonymous_5)","decl":{"start":{"line":35,"column":10},"end":{"line":35,"column":10}},"loc":{"start":{"line":35,"column":35},"end":{"line":35,"column":113}}},"5":{"name":"(anonymous_6)","decl":{"start":{"line":43,"column":2},"end":{"line":43,"column":2}},"loc":{"start":{"line":43,"column":28},"end":{"line":54,"column":3}}}},"branchMap":{"0":{"loc":{"start":{"line":19,"column":0},"end":{"line":40,"column":0}},"type":"binary-expr","locations":[{"start":{"line":19,"column":0},"end":{"line":40,"column":0}},{"start":{"line":19,"column":0},"end":{"line":40,"column":0}},{"start":{"line":19,"column":0},"end":{"line":40,"column":0}}]},"1":{"loc":{"start":{"line":34,"column":28},"end":{"line":36,"column":9}},"type":"cond-expr","locations":[{"start":{"line":34,"column":28},"end":{"line":36,"column":9}},{"start":{"line":36,"column":12},"end":{"line":36,"column":16}}]},"2":{"loc":{"start":{"line":44,"column":48},"end":{"line":44,"column":61}},"type":"cond-expr","locations":[{"start":{"line":44,"column":48},"end":{"line":44,"column":61}},{"start":{"line":44,"column":64},"end":{"line":44,"column":66}}]},"3":{"loc":{"start":{"line":45,"column":57},"end":{"line":45,"column":72}},"type":"cond-expr","locations":[{"start":{"line":45,"column":57},"end":{"line":45,"column":72}},{"start":{"line":45,"column":75},"end":{"line":45,"column":79}}]},"4":{"loc":{"start":{"line":48,"column":41},"end":{"line":48,"column":61}},"type":"cond-expr","locations":[{"start":{"line":48,"column":41},"end":{"line":48,"column":61}},{"start":{"line":48,"column":64},"end":{"line":48,"column":81}}]},"5":{"loc":{"start":{"line":49,"column":61},"end":{"line":49,"column":86}},"type":"cond-expr","locations":[{"start":{"line":49,"column":61},"end":{"line":49,"column":86}},{"start":{"line":49,"column":89},"end":{"line":49,"column":103}}]},"6":{"loc":{"start":{"line":49,"column":15},"end":{"line":49,"column":29}},"type":"binary-expr","locations":[{"start":{"line":49,"column":15},"end":{"line":49,"column":29}},{"start":{"line":49,"column":33},"end":{"line":49,"column":58}}]},"7":{"loc":{"start":{"line":51,"column":10},"end":{"line":51,"column":41}},"type":"cond-expr","locations":[{"start":{"line":51,"column":10},"end":{"line":51,"column":41}},{"start":{"line":51,"column":44},"end":{"line":51,"column":63}}]},"8":{"loc":{"start":{"line":50,"column":20},"end":{"line":50,"column":34}},"type":"binary-expr","locations":[{"start":{"line":50,"column":20},"end":{"line":50,"column":34}},{"start":{"line":50,"column":38},"end":{"line":50,"column":69}}]}},"s":{"0":1,"1":1,"2":1,"3":1,"4":1,"5":1,"6":1,"7":1,"8":0,"9":0,"10":1,"11":1,"12":0,"13":1,"14":1,"15":0,"16":0,"17":0},"f":{"0":2,"1":1,"2":0,"3":1,"4":0,"5":0},"b":{"0":[1,1,1],"1":[0,1],"2":[0,0],"3":[0,0],"4":[0,0],"5":[0,0],"6":[0,0],"7":[0,0],"8":[0,0]}}
,"C:\\Users\\kovalchuk\\projects\\react-app\\src\\shared\\components\\Pages\\NotFound\\index.tsx": {"path":"C:\\Users\\kovalchuk\\projects\\react-app\\src\\shared\\components\\Pages\\NotFound\\index.tsx","statementMap":{"0":{"start":{"line":4,"column":14},"end":{"line":4,"column":31}},"1":{"start":{"line":6,"column":0},"end":{"line":6,"column":49}},"2":{"start":{"line":6,"column":30},"end":{"line":6,"column":59}},"3":{"start":{"line":6,"column":0},"end":{"line":19,"column":0}},"4":{"start":{"line":7,"column":9},"end":{"line":7,"column":42}},"5":{"start":{"line":8,"column":9},"end":{"line":11,"column":3}},"6":{"start":{"line":9,"column":4},"end":{"line":9,"column":63}},"7":{"start":{"line":10,"column":4},"end":{"line":10,"column":61}},"8":{"start":{"line":12,"column":9},"end":{"line":18,"column":3}},"9":{"start":{"line":13,"column":4},"end":{"line":17,"column":6}},"10":{"start":{"line":19,"column":0},"end":{"line":19,"column":1}}},"fnMap":{"0":{"name":"(anonymous_0)","decl":{"start":{"line":6,"column":0},"end":{"line":null,"column":-1}},"loc":{"start":{"line":6,"column":0},"end":{"line":6,"column":-1}}},"1":{"name":"(anonymous_2)","decl":{"start":{"line":8,"column":2},"end":{"line":8,"column":26}},"loc":{"start":{"line":8,"column":48},"end":{"line":11,"column":3}}},"2":{"name":"(anonymous_3)","decl":{"start":{"line":12,"column":2},"end":{"line":null,"column":-1}},"loc":{"start":{"line":12,"column":2},"end":{"line":18,"column":3}}}},"branchMap":{"0":{"loc":{"start":{"line":6,"column":0},"end":{"line":19,"column":0}},"type":"binary-expr","locations":[{"start":{"line":6,"column":0},"end":{"line":19,"column":0}},{"start":{"line":6,"column":0},"end":{"line":19,"column":0}},{"start":{"line":6,"column":0},"end":{"line":19,"column":0}}]},"1":{"loc":{"start":{"line":15,"column":24},"end":{"line":15,"column":44}},"type":"binary-expr","locations":[{"start":{"line":15,"column":24},"end":{"line":15,"column":44}},{"start":{"line":15,"column":48},"end":{"line":15,"column":50}}]}},"s":{"0":1,"1":1,"2":1,"3":1,"4":1,"5":1,"6":0,"7":0,"8":1,"9":1,"10":1},"f":{"0":2,"1":0,"2":1},"b":{"0":[1,1,1],"1":[1,0]}}
,"C:\\Users\\kovalchuk\\projects\\react-app\\src\\shared\\constants\\ActionTypes\\Pages\\Home.ts": {"path":"C:\\Users\\kovalchuk\\projects\\react-app\\src\\shared\\constants\\ActionTypes\\Pages\\Home.ts","statementMap":{"0":{"start":{"line":1,"column":43},"end":{"line":1,"column":72}}},"fnMap":{},"branchMap":{},"s":{"0":4},"f":{},"b":{}}
,"C:\\Users\\kovalchuk\\projects\\react-app\\src\\shared\\lib\\redux-helper.ts": {"path":"C:\\Users\\kovalchuk\\projects\\react-app\\src\\shared\\lib\\redux-helper.ts","statementMap":{"0":{"start":{"line":5,"column":2},"end":{"line":7,"column":4}},"1":{"start":{"line":5,"column":26},"end":{"line":7,"column":3}}},"fnMap":{"0":{"name":"reduxify","decl":{"start":{"line":4,"column":6},"end":{"line":4,"column":24}},"loc":{"start":{"line":4,"column":114},"end":{"line":8,"column":1}}},"1":{"name":"(anonymous_1)","decl":{"start":{"line":5,"column":9},"end":{"line":5,"column":9}},"loc":{"start":{"line":5,"column":21},"end":{"line":7,"column":3}}}},"branchMap":{},"s":{"0":1,"1":1},"f":{"0":1,"1":1},"b":{}}
,"C:\\Users\\kovalchuk\\projects\\react-app\\src\\shared\\lib\\tests-helper.tsx": {"path":"C:\\Users\\kovalchuk\\projects\\react-app\\src\\shared\\lib\\tests-helper.tsx","statementMap":{"0":{"start":{"line":8,"column":33},"end":{"line":8,"column":82}},"1":{"start":{"line":8,"column":73},"end":{"line":8,"column":82}},"2":{"start":{"line":10,"column":31},"end":{"line":12,"column":1}},"3":{"start":{"line":11,"column":2},"end":{"line":11,"column":40}}},"fnMap":{"0":{"name":"(anonymous_0)","decl":{"start":{"line":8,"column":33},"end":{"line":8,"column":33}},"loc":{"start":{"line":8,"column":68},"end":{"line":8,"column":82}}},"1":{"name":"(anonymous_1)","decl":{"start":{"line":10,"column":31},"end":{"line":null,"column":-1}},"loc":{"start":{"line":10,"column":31},"end":{"line":12,"column":1}}}},"branchMap":{},"s":{"0":1,"1":1,"2":1,"3":0},"f":{"0":1,"1":0},"b":{}}
,"C:\\Users\\kovalchuk\\projects\\react-app\\src\\shared\\reducers\\Pages\\Home.ts": {"path":"C:\\Users\\kovalchuk\\projects\\react-app\\src\\shared\\reducers\\Pages\\Home.ts","statementMap":{"0":{"start":{"line":16,"column":40},"end":{"line":18,"column":1}},"1":{"start":{"line":21,"column":25},"end":{"line":59,"column":1}},"2":{"start":{"line":21,"column":35},"end":{"line":21,"column":67}},"3":{"start":{"line":22,"column":2},"end":{"line":58,"column":3}},"4":{"start":{"line":26,"column":6},"end":{"line":33,"column":8}},"5":{"start":{"line":37,"column":6},"end":{"line":44,"column":8}},"6":{"start":{"line":48,"column":6},"end":{"line":55,"column":8}},"7":{"start":{"line":57,"column":6},"end":{"line":57,"column":19}}},"fnMap":{"0":{"name":"(anonymous_0)","decl":{"start":{"line":21,"column":25},"end":{"line":21,"column":34}},"loc":{"start":{"line":21,"column":80},"end":{"line":59,"column":1}}}},"branchMap":{"0":{"loc":{"start":{"line":21,"column":35},"end":{"line":21,"column":67}},"type":"if","locations":[{"start":{"line":21,"column":35},"end":{"line":21,"column":67}},{"start":{"line":21,"column":35},"end":{"line":21,"column":67}}]},"1":{"loc":{"start":{"line":23,"column":4},"end":{"line":33,"column":8}},"type":"switch","locations":[{"start":{"line":23,"column":4},"end":{"line":33,"column":8}},{"start":{"line":34,"column":4},"end":{"line":44,"column":8}},{"start":{"line":45,"column":4},"end":{"line":55,"column":8}},{"start":{"line":56,"column":4},"end":{"line":57,"column":19}}]}},"s":{"0":1,"1":1,"2":5,"3":4,"4":1,"5":1,"6":1,"7":1},"f":{"0":4},"b":{"0":[1,3],"1":[1,1,1,1]}}
,"C:\\Users\\kovalchuk\\projects\\react-app\\src\\shared\\services\\Pages\\Home.ts": {"path":"C:\\Users\\kovalchuk\\projects\\react-app\\src\\shared\\services\\Pages\\Home.ts","statementMap":{"0":{"start":{"line":4,"column":0},"end":{"line":25,"column":0}},"1":{"start":{"line":5,"column":22},"end":{"line":24,"column":3}},"2":{"start":{"line":6,"column":4},"end":{"line":23,"column":5}},"3":{"start":{"line":15,"column":6},"end":{"line":15,"column":18}},"4":{"start":{"line":17,"column":6},"end":{"line":17,"column":38}},"5":{"start":{"line":18,"column":6},"end":{"line":21,"column":9}},"6":{"start":{"line":22,"column":6},"end":{"line":22,"column":18}},"7":{"start":{"line":25,"column":0},"end":{"line":25,"column":1}}},"fnMap":{"0":{"name":"(anonymous_0)","decl":{"start":{"line":4,"column":0},"end":{"line":null,"column":-1}},"loc":{"start":{"line":4,"column":0},"end":{"line":4,"column":-1}}},"1":{"name":"(anonymous_2)","decl":{"start":{"line":5,"column":2},"end":{"line":5,"column":29}},"loc":{"start":{"line":5,"column":69},"end":{"line":24,"column":3}}}},"branchMap":{},"s":{"0":3,"1":3,"2":2,"3":2,"4":0,"5":0,"6":0,"7":3},"f":{"0":3,"1":2},"b":{}}
,"C:\\Users\\kovalchuk\\projects\\react-app\\test\\test-setup.js": {"path":"C:\\Users\\kovalchuk\\projects\\react-app\\test\\test-setup.js","statementMap":{"0":{"start":{"line":7,"column":15},"end":{"line":7,"column":32}},"1":{"start":{"line":8,"column":16},"end":{"line":8,"column":50}},"2":{"start":{"line":10,"column":0},"end":{"line":10,"column":45}}},"fnMap":{},"branchMap":{},"s":{"0":5,"1":5,"2":5},"f":{},"b":{},"_coverageSchema":"332fd63041d2c1bcb487cc26dd0d5f7d97098a6c","hash":"275ffad0fd503baf64fbfa820b3d90948c800ca6"}
,"C:\\Users\\kovalchuk\\projects\\react-app\\test\\test-shim.js": {"path":"C:\\Users\\kovalchuk\\projects\\react-app\\test\\test-shim.js","statementMap":{"0":{"start":{"line":7,"column":0},"end":{"line":9,"column":2}},"1":{"start":{"line":8,"column":2},"end":{"line":8,"column":26}}},"fnMap":{"0":{"name":"(anonymous_0)","decl":{"start":{"line":7,"column":31},"end":{"line":7,"column":32}},"loc":{"start":{"line":7,"column":50},"end":{"line":9,"column":1}},"line":7}},"branchMap":{},"s":{"0":5,"1":0},"f":{"0":0},"b":{},"_coverageSchema":"332fd63041d2c1bcb487cc26dd0d5f7d97098a6c","hash":"4c326d23ff54ff1e2d385b8f56c0d19616701c9e"}
}
