TN:
SF:C:\Users\kovalchuk\projects\react-app\src\shared\config.ts
FNF:0
FNH:0
DA:1,6
LF:1
LH:1
BRDA:2,0,0,0
BRDA:2,0,1,6
BRDA:3,1,0,0
BRDA:3,1,1,6
BRDA:4,2,0,0
BRDA:4,2,1,6
BRDA:5,3,0,0
BRDA:5,3,1,6
BRDA:6,4,0,0
BRDA:6,4,1,6
BRF:10
BRH:5
end_of_record
TN:
SF:C:\Users\kovalchuk\projects\react-app\src\shared\actions\Pages\Home.ts
FN:12,(anonymous_0)
FN:13,(anonymous_1)
FNF:2
FNH:1
FNDA:1,(anonymous_0)
FNDA:0,(anonymous_1)
DA:7,2
DA:12,2
DA:13,1
DA:14,0
DA:15,0
LF:5
LH:3
BRF:0
BRH:0
end_of_record
TN:
SF:C:\Users\kovalchuk\projects\react-app\src\shared\actions\Pages\Login.ts
FN:16,(anonymous_0)
FN:17,(anonymous_1)
FN:23,(anonymous_2)
FN:24,(anonymous_3)
FNF:4
FNH:0
FNDA:0,(anonymous_0)
FNDA:0,(anonymous_1)
FNDA:0,(anonymous_2)
FNDA:0,(anonymous_3)
DA:8,2
DA:12,2
DA:16,2
DA:17,0
DA:18,0
DA:19,0
DA:23,2
DA:24,0
DA:25,0
DA:26,0
LF:10
LH:4
BRF:0
BRH:0
end_of_record
TN:
SF:C:\Users\kovalchuk\projects\react-app\src\shared\actions\Pages\Search.ts
FN:13,(anonymous_0)
FN:14,(anonymous_1)
FN:20,(anonymous_2)
FN:27,(anonymous_3)
FNF:4
FNH:1
FNDA:0,(anonymous_0)
FNDA:0,(anonymous_1)
FNDA:0,(anonymous_2)
FNDA:1,(anonymous_3)
DA:9,2
DA:13,2
DA:14,0
DA:15,0
DA:16,0
DA:20,2
DA:21,0
DA:27,2
DA:28,1
LF:9
LH:5
BRF:0
BRH:0
end_of_record
TN:
SF:C:\Users\kovalchuk\projects\react-app\src\shared\components\Common\AppHeader\index.tsx
FN:27,(anonymous_0)
FN:81,(anonymous_1)
FNF:2
FNH:1
FNDA:3,(anonymous_0)
FNDA:0,(anonymous_1)
DA:27,1
DA:28,3
DA:30,3
DA:78,1
DA:80,1
DA:82,0
DA:83,0
DA:84,0
DA:85,0
LF:9
LH:5
BRDA:82,0,0,0
BRDA:82,0,1,0
BRDA:83,1,0,0
BRDA:83,1,1,0
BRDA:84,2,0,0
BRDA:84,2,1,0
BRDA:87,3,0,0
BRDA:87,3,1,0
BRDA:88,4,0,0
BRDA:88,4,1,0
BRDA:88,5,0,0
BRDA:88,5,1,0
BRDA:89,6,0,0
BRDA:89,6,1,0
BRDA:89,7,0,0
BRDA:89,7,1,0
BRDA:90,8,0,0
BRDA:90,8,1,0
BRDA:90,9,0,0
BRDA:90,9,1,0
BRDA:91,10,0,0
BRDA:91,10,1,0
BRDA:91,11,0,0
BRDA:91,11,1,0
BRDA:92,12,0,0
BRDA:92,12,1,0
BRDA:92,13,0,0
BRDA:92,13,1,0
BRF:28
BRH:0
end_of_record
TN:
SF:C:\Users\kovalchuk\projects\react-app\src\shared\components\Common\AppHeader\styles.tsx
FN:4,(anonymous_0)
FNF:1
FNH:0
FNDA:0,(anonymous_0)
DA:4,1
LF:1
LH:1
BRF:0
BRH:0
end_of_record
TN:
SF:C:\Users\kovalchuk\projects\react-app\src\shared\components\Common\AppLogo\index.tsx
FN:11,(anonymous_0)
FNF:1
FNH:1
FNDA:1,(anonymous_0)
DA:11,2
DA:12,1
DA:13,1
DA:20,2
LF:4
LH:4
BRF:0
BRH:0
end_of_record
TN:
SF:C:\Users\kovalchuk\projects\react-app\src\shared\components\Common\AppLogo\styles.tsx
FN:4,(anonymous_0)
FNF:1
FNH:0
FNDA:0,(anonymous_0)
DA:4,2
LF:1
LH:1
BRF:0
BRH:0
end_of_record
TN:
SF:C:\Users\kovalchuk\projects\react-app\src\shared\components\Common\AppMain\index.tsx
FN:12,(anonymous_0)
FNF:1
FNH:1
FNDA:6,(anonymous_0)
DA:12,3
DA:13,6
DA:14,6
DA:30,3
LF:4
LH:4
BRDA:23,0,0,1
BRDA:23,0,1,5
BRF:2
BRH:2
end_of_record
TN:
SF:C:\Users\kovalchuk\projects\react-app\src\shared\components\Common\AppMain\styles.tsx
FN:4,(anonymous_0)
FNF:1
FNH:0
FNDA:0,(anonymous_0)
DA:4,3
LF:1
LH:1
BRF:0
BRH:0
end_of_record
TN:
SF:C:\Users\kovalchuk\projects\react-app\src\shared\components\Common\CatalogSearch\index.tsx
FN:35,(anonymous_0)
FN:40,(anonymous_2)
FN:48,(anonymous_3)
FN:60,(anonymous_4)
FN:67,(anonymous_5)
FN:92,(anonymous_6)
FN:96,(anonymous_7)
FN:100,(anonymous_8)
FN:110,(anonymous_9)
FN:112,(anonymous_10)
FN:88,(anonymous_11)
FN:116,(anonymous_12)
FN:148,(anonymous_13)
FN:167,(anonymous_14)
FNF:14
FNH:3
FNDA:9,(anonymous_0)
FNDA:0,(anonymous_2)
FNDA:0,(anonymous_3)
FNDA:0,(anonymous_4)
FNDA:0,(anonymous_5)
FNDA:0,(anonymous_6)
FNDA:0,(anonymous_7)
FNDA:0,(anonymous_8)
FNDA:0,(anonymous_9)
FNDA:1,(anonymous_10)
FNDA:0,(anonymous_11)
FNDA:10,(anonymous_12)
FNDA:0,(anonymous_13)
FNDA:0,(anonymous_14)
DA:33,2
DA:35,7
DA:36,7
DA:40,7
DA:41,0
DA:43,0
DA:49,0
DA:60,7
DA:61,0
DA:62,0
DA:64,0
DA:68,0
DA:88,2
DA:89,0
DA:92,7
DA:93,0
DA:96,7
DA:100,7
DA:101,0
DA:105,0
DA:110,7
DA:112,7
DA:113,1
DA:116,2
DA:117,10
DA:122,10
DA:132,10
DA:148,0
DA:162,2
DA:164,2
DA:166,2
DA:168,0
DA:169,0
LF:33
LH:19
BRDA:35,0,0,7
BRDA:35,0,1,7
BRDA:35,0,2,7
BRDA:69,1,0,0
BRDA:69,1,1,0
BRDA:105,2,0,0
BRDA:105,2,1,0
BRDA:110,3,0,0
BRDA:110,3,1,0
BRDA:168,4,0,0
BRDA:168,4,1,0
BRDA:171,5,0,0
BRDA:171,5,1,0
BRDA:171,6,0,0
BRDA:171,6,1,0
BRDA:172,7,0,0
BRDA:172,7,1,0
BRDA:172,8,0,0
BRDA:172,8,1,0
BRDA:173,9,0,0
BRDA:173,9,1,0
BRDA:173,10,0,0
BRDA:173,10,1,0
BRF:23
BRH:3
end_of_record
TN:
SF:C:\Users\kovalchuk\projects\react-app\src\shared\components\Common\CatalogSearch\styles.tsx
FN:4,(anonymous_0)
FNF:1
FNH:0
FNDA:0,(anonymous_0)
DA:4,2
LF:1
LH:1
BRF:0
BRH:0
end_of_record
TN:
SF:C:\Users\kovalchuk\projects\react-app\src\shared\components\Common\Preloader\index.tsx
FN:11,(anonymous_0)
FNF:1
FNH:1
FNDA:1,(anonymous_0)
DA:11,4
DA:12,1
DA:13,1
DA:22,4
LF:4
LH:4
BRF:0
BRH:0
end_of_record
TN:
SF:C:\Users\kovalchuk\projects\react-app\src\shared\components\Common\Preloader\styles.tsx
FN:4,(anonymous_0)
FNF:1
FNH:0
FNDA:0,(anonymous_0)
DA:4,4
LF:1
LH:1
BRF:0
BRH:0
end_of_record
TN:
SF:C:\Users\kovalchuk\projects\react-app\src\shared\components\Common\ProductCard\index.tsx
FN:19,(anonymous_0)
FNF:1
FNH:1
FNDA:5,(anonymous_0)
DA:19,2
DA:20,5
DA:32,5
DA:34,5
DA:61,2
LF:5
LH:5
BRF:0
BRH:0
end_of_record
TN:
SF:C:\Users\kovalchuk\projects\react-app\src\shared\components\Common\ProductCard\styles.tsx
FN:4,(anonymous_0)
FNF:1
FNH:0
FNDA:0,(anonymous_0)
DA:4,2
LF:1
LH:1
BRF:0
BRH:0
end_of_record
TN:
SF:C:\Users\kovalchuk\projects\react-app\src\shared\components\Pages\Home\index.tsx
FN:19,(anonymous_0)
FN:22,(anonymous_2)
FN:26,(anonymous_3)
FN:30,(anonymous_4)
FN:35,(anonymous_5)
FN:43,(anonymous_6)
FNF:6
FNH:3
FNDA:2,(anonymous_0)
FNDA:1,(anonymous_2)
FNDA:0,(anonymous_3)
FNDA:1,(anonymous_4)
FNDA:0,(anonymous_5)
FNDA:0,(anonymous_6)
DA:9,1
DA:19,1
DA:20,1
DA:22,1
DA:23,1
DA:26,1
DA:27,0
DA:28,0
DA:30,1
DA:31,1
DA:35,0
DA:40,1
DA:42,1
DA:44,0
DA:45,0
DA:46,0
LF:16
LH:10
BRDA:19,0,0,1
BRDA:19,0,1,1
BRDA:19,0,2,1
BRDA:34,1,0,0
BRDA:34,1,1,1
BRDA:44,2,0,0
BRDA:44,2,1,0
BRDA:45,3,0,0
BRDA:45,3,1,0
BRDA:48,4,0,0
BRDA:48,4,1,0
BRDA:49,5,0,0
BRDA:49,5,1,0
BRDA:49,6,0,0
BRDA:49,6,1,0
BRDA:51,7,0,0
BRDA:51,7,1,0
BRDA:50,8,0,0
BRDA:50,8,1,0
BRF:19
BRH:4
end_of_record
TN:
SF:C:\Users\kovalchuk\projects\react-app\src\shared\components\Pages\LoginPage\index.tsx
FN:29,(anonymous_0)
FN:38,(anonymous_2)
FN:42,(anonymous_3)
FN:34,(anonymous_4)
FN:47,(anonymous_5)
FN:79,(anonymous_6)
FNF:6
FNH:3
FNDA:5,(anonymous_0)
FNDA:0,(anonymous_2)
FNDA:0,(anonymous_3)
FNDA:3,(anonymous_4)
FNDA:3,(anonymous_5)
FNDA:0,(anonymous_6)
DA:29,3
DA:30,3
DA:34,2
DA:35,3
DA:38,3
DA:39,0
DA:42,3
DA:43,0
DA:47,2
DA:48,3
DA:50,3
DA:74,2
DA:76,2
DA:78,2
DA:80,0
DA:81,0
DA:82,0
LF:17
LH:12
BRDA:29,0,0,3
BRDA:29,0,1,3
BRDA:29,0,2,3
BRDA:80,1,0,0
BRDA:80,1,1,0
BRDA:81,2,0,0
BRDA:81,2,1,0
BRDA:84,3,0,0
BRDA:84,3,1,0
BRDA:85,4,0,0
BRDA:85,4,1,0
BRDA:85,5,0,0
BRDA:85,5,1,0
BRDA:86,6,0,0
BRDA:86,6,1,0
BRDA:86,7,0,0
BRDA:86,7,1,0
BRDA:87,8,0,0
BRDA:87,8,1,0
BRDA:87,9,0,0
BRDA:87,9,1,0
BRF:21
BRH:3
end_of_record
TN:
SF:C:\Users\kovalchuk\projects\react-app\src\shared\components\Pages\LoginPage\styles.tsx
FN:4,(anonymous_0)
FN:16,(anonymous_1)
FNF:2
FNH:0
FNDA:0,(anonymous_0)
FNDA:0,(anonymous_1)
DA:4,4
DA:16,4
LF:2
LH:2
BRF:0
BRH:0
end_of_record
TN:
SF:C:\Users\kovalchuk\projects\react-app\src\shared\components\Pages\LoginPage\LoginForm\index.tsx
FN:20,(anonymous_0)
FN:29,(anonymous_2)
FN:41,(anonymous_3)
FN:41,(anonymous_4)
FN:47,(anonymous_5)
FNF:5
FNH:4
FNDA:7,(anonymous_0)
FNDA:3,(anonymous_2)
FNDA:14,(anonymous_3)
FNDA:0,(anonymous_4)
FNDA:7,(anonymous_5)
DA:20,4
DA:22,4
DA:29,4
DA:30,3
DA:31,3
DA:32,2
DA:34,1
DA:38,1
DA:41,14
DA:42,0
DA:47,3
DA:48,7
DA:49,7
DA:101,3
DA:103,3
LF:15
LH:14
BRDA:20,0,0,4
BRDA:20,0,1,4
BRDA:20,0,2,4
BRDA:31,1,0,2
BRDA:31,1,1,1
BRDA:31,2,0,3
BRDA:31,2,1,1
BRF:7
BRH:7
end_of_record
TN:
SF:C:\Users\kovalchuk\projects\react-app\src\shared\components\Pages\LoginPage\RegisterForm\index.tsx
FN:32,(anonymous_0)
FN:55,(anonymous_2)
FN:65,(anonymous_3)
FN:71,(anonymous_4)
FN:78,(anonymous_5)
FN:94,(anonymous_6)
FN:130,(anonymous_7)
FNF:7
FNH:5
FNDA:13,(anonymous_0)
FNDA:1,(anonymous_2)
FNDA:0,(anonymous_3)
FNDA:0,(anonymous_4)
FNDA:8,(anonymous_5)
FNDA:19,(anonymous_6)
FNDA:38,(anonymous_7)
DA:32,10
DA:34,10
DA:44,10
DA:55,10
DA:56,1
DA:57,0
DA:60,1
DA:65,10
DA:66,0
DA:71,10
DA:72,0
DA:73,0
DA:78,10
DA:79,8
DA:80,8
DA:89,7
DA:91,1
DA:94,3
DA:95,19
DA:97,19
DA:130,38
DA:263,3
DA:265,3
LF:23
LH:19
BRDA:32,0,0,10
BRDA:32,0,1,10
BRDA:32,0,2,10
BRDA:56,1,0,0
BRDA:56,1,1,1
BRDA:80,2,0,7
BRDA:80,2,1,1
BRDA:81,3,0,8
BRDA:81,3,1,7
BRDA:81,3,2,6
BRDA:81,3,3,5
BRDA:81,3,4,4
BRDA:81,3,5,3
BRDA:81,3,6,2
BRF:14
BRH:13
end_of_record
TN:
SF:C:\Users\kovalchuk\projects\react-app\src\shared\components\Pages\NotFound\index.tsx
FN:6,(anonymous_0)
FN:8,(anonymous_2)
FN:12,(anonymous_3)
FNF:3
FNH:2
FNDA:2,(anonymous_0)
FNDA:0,(anonymous_2)
FNDA:1,(anonymous_3)
DA:4,1
DA:6,1
DA:7,1
DA:8,1
DA:9,0
DA:10,0
DA:12,1
DA:13,1
DA:19,1
LF:9
LH:7
BRDA:6,0,0,1
BRDA:6,0,1,1
BRDA:6,0,2,1
BRDA:15,1,0,1
BRDA:15,1,1,0
BRF:5
BRH:4
end_of_record
TN:
SF:C:\Users\kovalchuk\projects\react-app\src\shared\components\Pages\SearchPage\fixture.ts
FNF:0
FNH:0
DA:2,2
DA:4,2
DA:117,2
LF:3
LH:3
BRF:0
BRH:0
end_of_record
TN:
SF:C:\Users\kovalchuk\projects\react-app\src\shared\components\Pages\SearchPage\index.tsx
FN:28,(anonymous_0)
FN:34,(anonymous_2)
FN:67,(anonymous_3)
FN:99,(anonymous_4)
FNF:4
FNH:3
FNDA:6,(anonymous_0)
FNDA:6,(anonymous_2)
FNDA:50,(anonymous_3)
FNDA:0,(anonymous_4)
DA:26,1
DA:28,5
DA:30,5
DA:34,1
DA:35,6
DA:38,6
DA:40,6
DA:67,50
DA:94,1
DA:96,1
DA:98,1
DA:100,0
DA:101,0
DA:102,0
LF:14
LH:11
BRDA:28,0,0,5
BRDA:28,0,1,5
BRDA:28,0,2,5
BRDA:51,1,0,6
BRDA:51,1,1,0
BRDA:67,2,0,5
BRDA:67,2,1,1
BRDA:66,3,0,6
BRDA:66,3,1,5
BRDA:100,4,0,0
BRDA:100,4,1,0
BRDA:101,5,0,0
BRDA:101,5,1,0
BRDA:104,6,0,0
BRDA:104,6,1,0
BRDA:105,7,0,0
BRDA:105,7,1,0
BRDA:105,8,0,0
BRDA:105,8,1,0
BRDA:106,9,0,0
BRDA:106,9,1,0
BRDA:106,10,0,0
BRDA:106,10,1,0
BRDA:107,11,0,0
BRDA:107,11,1,0
BRDA:107,12,0,0
BRDA:107,12,1,0
BRDA:109,13,0,0
BRDA:109,13,1,0
BRDA:109,14,0,0
BRDA:109,14,1,0
BRF:31
BRH:8
end_of_record
TN:
SF:C:\Users\kovalchuk\projects\react-app\src\shared\components\Pages\SearchPage\styles.tsx
FN:4,(anonymous_0)
FNF:1
FNH:0
FNDA:0,(anonymous_0)
DA:4,1
LF:1
LH:1
BRF:0
BRH:0
end_of_record
TN:
SF:C:\Users\kovalchuk\projects\react-app\src\shared\constants\ActionTypes\Pages\Home.ts
FNF:0
FNH:0
DA:1,4
LF:1
LH:1
BRF:0
BRH:0
end_of_record
TN:
SF:C:\Users\kovalchuk\projects\react-app\src\shared\constants\ActionTypes\Pages\Login.ts
FNF:0
FNH:0
DA:1,2
DA:3,2
LF:2
LH:2
BRF:0
BRH:0
end_of_record
TN:
SF:C:\Users\kovalchuk\projects\react-app\src\shared\constants\ActionTypes\Pages\Search.ts
FNF:0
FNH:0
DA:1,2
DA:3,2
DA:5,2
LF:3
LH:3
BRF:0
BRH:0
end_of_record
TN:
SF:C:\Users\kovalchuk\projects\react-app\src\shared\lib\redux-helper.ts
FN:4,reduxify
FN:5,(anonymous_1)
FNF:2
FNH:2
FNDA:7,reduxify
FNDA:7,(anonymous_1)
DA:5,7
LF:1
LH:1
BRF:0
BRH:0
end_of_record
TN:
SF:C:\Users\kovalchuk\projects\react-app\src\shared\lib\tests-helper.tsx
FN:8,(anonymous_0)
FN:10,(anonymous_1)
FNF:2
FNH:1
FNDA:1,(anonymous_0)
FNDA:0,(anonymous_1)
DA:8,1
DA:10,1
DA:11,0
LF:3
LH:2
BRF:0
BRH:0
end_of_record
TN:
SF:C:\Users\kovalchuk\projects\react-app\src\shared\reducers\Pages\Home.ts
FN:21,(anonymous_0)
FNF:1
FNH:1
FNDA:4,(anonymous_0)
DA:16,1
DA:21,5
DA:22,4
DA:26,1
DA:37,1
DA:48,1
DA:57,1
LF:7
LH:7
BRDA:21,0,0,1
BRDA:21,0,1,3
BRDA:23,1,0,1
BRDA:23,1,1,1
BRDA:23,1,2,1
BRDA:23,1,3,1
BRF:6
BRH:6
end_of_record
TN:
SF:C:\Users\kovalchuk\projects\react-app\src\shared\services\Common\Catalog.ts
FN:4,(anonymous_0)
FN:5,(anonymous_2)
FN:38,(anonymous_5)
FNF:3
FNH:1
FNDA:2,(anonymous_0)
FNDA:0,(anonymous_2)
FNDA:0,(anonymous_5)
DA:4,2
DA:5,2
DA:8,0
DA:9,0
DA:11,0
DA:12,0
DA:16,0
DA:18,0
DA:19,0
DA:23,0
DA:24,0
DA:28,0
DA:29,0
DA:33,0
DA:34,0
DA:38,2
DA:41,0
DA:42,0
DA:44,0
DA:45,0
DA:50,0
DA:52,0
DA:53,0
DA:57,0
DA:58,0
DA:62,0
DA:63,0
DA:67,0
DA:68,0
DA:71,2
LF:30
LH:4
BRDA:11,0,0,0
BRDA:11,0,1,0
BRDA:44,1,0,0
BRDA:44,1,1,0
BRF:4
BRH:0
end_of_record
TN:
SF:C:\Users\kovalchuk\projects\react-app\src\shared\services\Pages\Home.ts
FN:4,(anonymous_0)
FN:5,(anonymous_2)
FNF:2
FNH:1
FNDA:3,(anonymous_0)
FNDA:0,(anonymous_2)
DA:4,3
DA:5,3
DA:6,0
DA:15,0
DA:17,0
DA:18,0
DA:22,0
DA:25,3
LF:8
LH:3
BRF:0
BRH:0
end_of_record
TN:
SF:C:\Users\kovalchuk\projects\react-app\src\shared\services\Pages\Login.ts
FN:4,(anonymous_0)
FN:5,(anonymous_2)
FN:43,(anonymous_5)
FNF:3
FNH:1
FNDA:2,(anonymous_0)
FNDA:0,(anonymous_2)
FNDA:0,(anonymous_5)
DA:4,2
DA:5,2
DA:7,0
DA:13,0
DA:14,0
DA:16,0
DA:17,0
DA:21,0
DA:23,0
DA:24,0
DA:28,0
DA:29,0
DA:33,0
DA:34,0
DA:38,0
DA:39,0
DA:43,2
DA:45,0
DA:52,0
DA:53,0
DA:55,0
DA:56,0
DA:60,0
DA:61,0
DA:63,0
DA:64,0
DA:68,0
DA:69,0
DA:73,0
DA:74,0
DA:78,0
DA:79,0
DA:82,2
LF:33
LH:4
BRDA:16,0,0,0
BRDA:16,0,1,0
BRDA:55,1,0,0
BRDA:55,1,1,0
BRF:4
BRH:0
end_of_record
TN:
SF:C:\Users\kovalchuk\projects\react-app\src\shared\services\api\index.ts
FNF:0
FNH:0
DA:4,4
LF:1
LH:1
BRF:0
BRH:0
end_of_record
TN:
SF:C:\Users\kovalchuk\projects\react-app\src\shared\services\priceFormatter\index.tsx
FN:2,(anonymous_0)
FNF:1
FNH:1
FNDA:6,(anonymous_0)
DA:2,12
DA:3,6
DA:9,6
LF:3
LH:3
BRDA:2,0,0,0
BRDA:2,0,1,6
BRDA:2,1,0,6
BRDA:2,1,1,0
BRF:4
BRH:2
end_of_record
TN:
SF:C:\Users\kovalchuk\projects\react-app\test\test-setup.js
FNF:0
FNH:0
DA:7,15
DA:8,15
DA:10,15
LF:3
LH:3
BRF:0
BRH:0
end_of_record
TN:
SF:C:\Users\kovalchuk\projects\react-app\test\test-shim.js
FN:7,(anonymous_0)
FNF:1
FNH:0
FNDA:0,(anonymous_0)
DA:7,15
DA:8,0
LF:2
LH:1
BRF:0
BRH:0
end_of_record
