TN:
SF:C:\Users\gordienko\inetpub\boilerplate\src\shared\config.ts
FNF:0
FNH:0
DA:1,3
LF:1
LH:1
BRDA:2,0,0,0
BRDA:2,0,1,3
BRDA:3,1,0,0
BRDA:3,1,1,3
BRDA:4,2,0,0
BRDA:4,2,1,3
BRDA:5,3,0,0
BRDA:5,3,1,3
BRDA:6,4,0,0
BRDA:6,4,1,3
BRF:10
BRH:5
end_of_record
TN:
SF:C:\Users\gordienko\inetpub\boilerplate\src\shared\actions\Pages\Home.ts
FN:12,(anonymous_0)
FN:13,(anonymous_1)
FNF:2
FNH:2
FNDA:2,(anonymous_0)
FNDA:1,(anonymous_1)
DA:7,2
DA:12,2
DA:13,2
DA:14,1
DA:15,1
LF:5
LH:5
BRF:0
BRH:0
end_of_record
TN:
SF:C:\Users\gordienko\inetpub\boilerplate\src\shared\components\Pages\Home\index.tsx
FN:19,(anonymous_0)
FN:21,(anonymous_2)
FN:24,(anonymous_3)
FN:28,(anonymous_4)
FN:33,(anonymous_5)
FN:41,(anonymous_6)
FNF:6
FNH:3
FNDA:2,(anonymous_0)
FNDA:1,(anonymous_2)
FNDA:0,(anonymous_3)
FNDA:1,(anonymous_4)
FNDA:0,(anonymous_5)
FNDA:0,(anonymous_6)
DA:9,1
DA:19,1
DA:20,1
DA:21,1
DA:22,1
DA:24,1
DA:25,0
DA:26,0
DA:28,1
DA:29,1
DA:33,0
DA:38,1
DA:40,1
DA:42,0
DA:43,0
DA:44,0
LF:16
LH:10
BRDA:19,0,0,1
BRDA:19,0,1,1
BRDA:19,0,2,1
BRDA:32,1,0,0
BRDA:32,1,1,1
BRDA:42,2,0,0
BRDA:42,2,1,0
BRDA:43,3,0,0
BRDA:43,3,1,0
BRDA:46,4,0,0
BRDA:46,4,1,0
BRDA:47,5,0,0
BRDA:47,5,1,0
BRDA:47,6,0,0
BRDA:47,6,1,0
BRDA:49,7,0,0
BRDA:49,7,1,0
BRDA:48,8,0,0
BRDA:48,8,1,0
BRF:19
BRH:4
end_of_record
TN:
SF:C:\Users\gordienko\inetpub\boilerplate\src\shared\components\Pages\NotFound\index.tsx
FN:6,(anonymous_0)
FN:8,(anonymous_2)
FN:12,(anonymous_3)
FNF:3
FNH:2
FNDA:2,(anonymous_0)
FNDA:0,(anonymous_2)
FNDA:1,(anonymous_3)
DA:4,1
DA:6,1
DA:7,1
DA:8,1
DA:9,0
DA:10,0
DA:12,1
DA:13,1
DA:19,1
LF:9
LH:7
BRDA:6,0,0,1
BRDA:6,0,1,1
BRDA:6,0,2,1
BRDA:15,1,0,1
BRDA:15,1,1,0
BRF:5
BRH:4
end_of_record
TN:
SF:C:\Users\gordienko\inetpub\boilerplate\src\shared\constants\ActionTypes\Pages\Home.ts
FNF:0
FNH:0
DA:1,4
LF:1
LH:1
BRF:0
BRH:0
end_of_record
TN:
SF:C:\Users\gordienko\inetpub\boilerplate\src\shared\lib\redux-helper.ts
FN:4,reduxify
FN:5,(anonymous_1)
FNF:2
FNH:2
FNDA:1,reduxify
FNDA:1,(anonymous_1)
DA:5,1
LF:1
LH:1
BRF:0
BRH:0
end_of_record
TN:
SF:C:\Users\gordienko\inetpub\boilerplate\src\shared\lib\tests-helper.tsx
FN:8,(anonymous_0)
FN:10,(anonymous_1)
FNF:2
FNH:1
FNDA:1,(anonymous_0)
FNDA:0,(anonymous_1)
DA:8,1
DA:10,1
DA:11,0
LF:3
LH:2
BRF:0
BRH:0
end_of_record
TN:
SF:C:\Users\gordienko\inetpub\boilerplate\src\shared\reducers\Pages\Home.ts
FN:21,(anonymous_0)
FNF:1
FNH:1
FNDA:4,(anonymous_0)
DA:16,1
DA:21,5
DA:22,4
DA:26,1
DA:37,1
DA:48,1
DA:57,1
LF:7
LH:7
BRDA:21,0,0,1
BRDA:21,0,1,3
BRDA:23,1,0,1
BRDA:23,1,1,1
BRDA:23,1,2,1
BRDA:23,1,3,1
BRF:6
BRH:6
end_of_record
TN:
SF:C:\Users\gordienko\inetpub\boilerplate\src\shared\services\Pages\Home.ts
FN:4,(anonymous_0)
FN:5,(anonymous_2)
FNF:2
FNH:2
FNDA:3,(anonymous_0)
FNDA:2,(anonymous_2)
DA:4,3
DA:5,3
DA:7,2
DA:11,2
DA:13,2
DA:17,2
DA:19,0
DA:20,0
DA:24,0
DA:27,3
LF:10
LH:7
BRF:0
BRH:0
end_of_record
TN:
SF:C:\Users\gordienko\inetpub\boilerplate\test\test-setup.js
FNF:0
FNH:0
DA:9,5
DA:11,5
LF:2
LH:2
BRF:0
BRH:0
end_of_record
TN:
SF:C:\Users\gordienko\inetpub\boilerplate\test\test-shim.js
FNF:0
FNH:0
LF:0
LH:0
BRF:0
BRH:0
end_of_record
